{
  "/Users/andrebeolchi/Developer/ecommerce/ecommerce-api/src/domain/auth/application/use-cases/login-use-case.ts": {
    "path": "/Users/andrebeolchi/Developer/ecommerce/ecommerce-api/src/domain/auth/application/use-cases/login-use-case.ts",
    "all": false,
    "statementMap": {
      "0": { "start": { "line": 1, "column": 0 }, "end": { "line": 1, "column": 81 } },
      "1": { "start": { "line": 2, "column": 0 }, "end": { "line": 2, "column": 87 } },
      "2": { "start": { "line": 3, "column": 0 }, "end": { "line": 3, "column": 87 } },
      "3": { "start": { "line": 4, "column": 0 }, "end": { "line": 4, "column": 0 } },
      "4": { "start": { "line": 5, "column": 0 }, "end": { "line": 5, "column": 39 } },
      "5": { "start": { "line": 6, "column": 0 }, "end": { "line": 6, "column": 0 } },
      "6": { "start": { "line": 7, "column": 0 }, "end": { "line": 7, "column": 22 } },
      "7": { "start": { "line": 8, "column": 0 }, "end": { "line": 8, "column": 15 } },
      "8": { "start": { "line": 9, "column": 0 }, "end": { "line": 9, "column": 18 } },
      "9": { "start": { "line": 10, "column": 0 }, "end": { "line": 10, "column": 1 } },
      "10": { "start": { "line": 11, "column": 0 }, "end": { "line": 11, "column": 0 } },
      "11": { "start": { "line": 12, "column": 0 }, "end": { "line": 12, "column": 29 } },
      "12": { "start": { "line": 13, "column": 0 }, "end": { "line": 13, "column": 16 } },
      "13": { "start": { "line": 14, "column": 0 }, "end": { "line": 14, "column": 32 } },
      "14": { "start": { "line": 15, "column": 0 }, "end": { "line": 15, "column": 32 } },
      "15": { "start": { "line": 16, "column": 0 }, "end": { "line": 16, "column": 26 } },
      "16": { "start": { "line": 17, "column": 0 }, "end": { "line": 17, "column": 1 } },
      "17": { "start": { "line": 18, "column": 0 }, "end": { "line": 18, "column": 0 } },
      "18": { "start": { "line": 19, "column": 0 }, "end": { "line": 19, "column": 35 } },
      "19": { "start": { "line": 20, "column": 0 }, "end": { "line": 20, "column": 20 } },
      "20": { "start": { "line": 21, "column": 0 }, "end": { "line": 21, "column": 76 } },
      "21": { "start": { "line": 22, "column": 0 }, "end": { "line": 22, "column": 6 } },
      "22": { "start": { "line": 23, "column": 0 }, "end": { "line": 23, "column": 7 } },
      "23": { "start": { "line": 24, "column": 0 }, "end": { "line": 24, "column": 58 } },
      "24": { "start": { "line": 25, "column": 0 }, "end": { "line": 25, "column": 0 } },
      "25": { "start": { "line": 26, "column": 0 }, "end": { "line": 26, "column": 62 } },
      "26": { "start": { "line": 27, "column": 0 }, "end": { "line": 27, "column": 0 } },
      "27": { "start": { "line": 28, "column": 0 }, "end": { "line": 28, "column": 16 } },
      "28": { "start": { "line": 29, "column": 0 }, "end": { "line": 29, "column": 59 } },
      "29": { "start": { "line": 30, "column": 0 }, "end": { "line": 30, "column": 44 } },
      "30": { "start": { "line": 31, "column": 0 }, "end": { "line": 31, "column": 5 } },
      "31": { "start": { "line": 32, "column": 0 }, "end": { "line": 32, "column": 0 } },
      "32": { "start": { "line": 33, "column": 0 }, "end": { "line": 33, "column": 87 } },
      "33": { "start": { "line": 34, "column": 0 }, "end": { "line": 34, "column": 0 } },
      "34": { "start": { "line": 35, "column": 0 }, "end": { "line": 35, "column": 27 } },
      "35": { "start": { "line": 36, "column": 0 }, "end": { "line": 36, "column": 69 } },
      "36": { "start": { "line": 37, "column": 0 }, "end": { "line": 37, "column": 44 } },
      "37": { "start": { "line": 38, "column": 0 }, "end": { "line": 38, "column": 5 } },
      "38": { "start": { "line": 39, "column": 0 }, "end": { "line": 39, "column": 0 } },
      "39": { "start": { "line": 40, "column": 0 }, "end": { "line": 40, "column": 83 } },
      "40": { "start": { "line": 41, "column": 0 }, "end": { "line": 41, "column": 0 } },
      "41": { "start": { "line": 42, "column": 0 }, "end": { "line": 42, "column": 67 } },
      "42": { "start": { "line": 43, "column": 0 }, "end": { "line": 43, "column": 0 } },
      "43": { "start": { "line": 44, "column": 0 }, "end": { "line": 44, "column": 20 } },
      "44": { "start": { "line": 45, "column": 0 }, "end": { "line": 45, "column": 19 } },
      "45": { "start": { "line": 46, "column": 0 }, "end": { "line": 46, "column": 52 } },
      "46": { "start": { "line": 47, "column": 0 }, "end": { "line": 47, "column": 15 } },
      "47": { "start": { "line": 48, "column": 0 }, "end": { "line": 48, "column": 3 } },
      "48": { "start": { "line": 49, "column": 0 }, "end": { "line": 49, "column": 1 } }
    },
    "s": {
      "0": 1,
      "1": 1,
      "2": 1,
      "3": 1,
      "4": 1,
      "5": 1,
      "6": 1,
      "7": 1,
      "8": 1,
      "9": 1,
      "10": 1,
      "11": 1,
      "12": 1,
      "13": 1,
      "14": 1,
      "15": 1,
      "16": 1,
      "17": 1,
      "18": 1,
      "19": 3,
      "20": 3,
      "21": 3,
      "22": 3,
      "23": 3,
      "24": 3,
      "25": 3,
      "26": 3,
      "27": 3,
      "28": 1,
      "29": 1,
      "30": 1,
      "31": 2,
      "32": 2,
      "33": 2,
      "34": 3,
      "35": 1,
      "36": 1,
      "37": 1,
      "38": 1,
      "39": 1,
      "40": 1,
      "41": 1,
      "42": 1,
      "43": 1,
      "44": 3,
      "45": 2,
      "46": 2,
      "47": 2,
      "48": 3
    },
    "branchMap": {
      "0": {
        "type": "branch",
        "line": 19,
        "loc": { "start": { "line": 19, "column": 28 }, "end": { "line": 49, "column": 1 } },
        "locations": [{ "start": { "line": 19, "column": 28 }, "end": { "line": 49, "column": 1 } }]
      },
      "1": {
        "type": "branch",
        "line": 28,
        "loc": { "start": { "line": 28, "column": 15 }, "end": { "line": 31, "column": 5 } },
        "locations": [{ "start": { "line": 28, "column": 15 }, "end": { "line": 31, "column": 5 } }]
      },
      "2": {
        "type": "branch",
        "line": 32,
        "loc": { "start": { "line": 32, "column": -1 }, "end": { "line": 35, "column": 26 } },
        "locations": [{ "start": { "line": 32, "column": -1 }, "end": { "line": 35, "column": 26 } }]
      },
      "3": {
        "type": "branch",
        "line": 35,
        "loc": { "start": { "line": 35, "column": 26 }, "end": { "line": 45, "column": 11 } },
        "locations": [{ "start": { "line": 35, "column": 26 }, "end": { "line": 45, "column": 11 } }]
      },
      "4": {
        "type": "branch",
        "line": 45,
        "loc": { "start": { "line": 45, "column": 4 }, "end": { "line": 48, "column": 3 } },
        "locations": [{ "start": { "line": 45, "column": 4 }, "end": { "line": 48, "column": 3 } }]
      }
    },
    "b": { "0": [3], "1": [1], "2": [2], "3": [1], "4": [2] },
    "fnMap": {
      "0": {
        "name": "loginUseCase",
        "decl": { "start": { "line": 19, "column": 28 }, "end": { "line": 49, "column": 1 } },
        "loc": { "start": { "line": 19, "column": 28 }, "end": { "line": 49, "column": 1 } },
        "line": 19
      }
    },
    "f": { "0": 3 }
  },
  "/Users/andrebeolchi/Developer/ecommerce/ecommerce-api/src/domain/auth/application/use-cases/register-use-case.ts": {
    "path": "/Users/andrebeolchi/Developer/ecommerce/ecommerce-api/src/domain/auth/application/use-cases/register-use-case.ts",
    "all": false,
    "statementMap": {
      "0": { "start": { "line": 1, "column": 0 }, "end": { "line": 1, "column": 87 } },
      "1": { "start": { "line": 2, "column": 0 }, "end": { "line": 2, "column": 87 } },
      "2": { "start": { "line": 3, "column": 0 }, "end": { "line": 3, "column": 0 } },
      "3": { "start": { "line": 4, "column": 0 }, "end": { "line": 4, "column": 39 } },
      "4": { "start": { "line": 5, "column": 0 }, "end": { "line": 5, "column": 0 } },
      "5": { "start": { "line": 6, "column": 0 }, "end": { "line": 6, "column": 25 } },
      "6": { "start": { "line": 7, "column": 0 }, "end": { "line": 7, "column": 15 } },
      "7": { "start": { "line": 8, "column": 0 }, "end": { "line": 8, "column": 18 } },
      "8": { "start": { "line": 9, "column": 0 }, "end": { "line": 9, "column": 1 } },
      "9": { "start": { "line": 10, "column": 0 }, "end": { "line": 10, "column": 0 } },
      "10": { "start": { "line": 11, "column": 0 }, "end": { "line": 11, "column": 32 } },
      "11": { "start": { "line": 12, "column": 0 }, "end": { "line": 12, "column": 16 } },
      "12": { "start": { "line": 13, "column": 0 }, "end": { "line": 13, "column": 32 } },
      "13": { "start": { "line": 14, "column": 0 }, "end": { "line": 14, "column": 32 } },
      "14": { "start": { "line": 15, "column": 0 }, "end": { "line": 15, "column": 1 } },
      "15": { "start": { "line": 16, "column": 0 }, "end": { "line": 16, "column": 0 } },
      "16": { "start": { "line": 17, "column": 0 }, "end": { "line": 17, "column": 38 } },
      "17": { "start": { "line": 18, "column": 0 }, "end": { "line": 18, "column": 23 } },
      "18": { "start": { "line": 19, "column": 0 }, "end": { "line": 19, "column": 66 } },
      "19": { "start": { "line": 20, "column": 0 }, "end": { "line": 20, "column": 6 } },
      "20": { "start": { "line": 21, "column": 0 }, "end": { "line": 21, "column": 7 } },
      "21": { "start": { "line": 22, "column": 0 }, "end": { "line": 22, "column": 63 } },
      "22": { "start": { "line": 23, "column": 0 }, "end": { "line": 23, "column": 0 } },
      "23": { "start": { "line": 24, "column": 0 }, "end": { "line": 24, "column": 70 } },
      "24": { "start": { "line": 25, "column": 0 }, "end": { "line": 25, "column": 0 } },
      "25": { "start": { "line": 26, "column": 0 }, "end": { "line": 26, "column": 23 } },
      "26": { "start": { "line": 27, "column": 0 }, "end": { "line": 27, "column": 64 } },
      "27": { "start": { "line": 28, "column": 0 }, "end": { "line": 28, "column": 44 } },
      "28": { "start": { "line": 29, "column": 0 }, "end": { "line": 29, "column": 5 } },
      "29": { "start": { "line": 30, "column": 0 }, "end": { "line": 30, "column": 0 } },
      "30": { "start": { "line": 31, "column": 0 }, "end": { "line": 31, "column": 68 } },
      "31": { "start": { "line": 32, "column": 0 }, "end": { "line": 32, "column": 0 } },
      "32": { "start": { "line": 33, "column": 0 }, "end": { "line": 33, "column": 46 } },
      "33": { "start": { "line": 34, "column": 0 }, "end": { "line": 34, "column": 30 } },
      "34": { "start": { "line": 35, "column": 0 }, "end": { "line": 35, "column": 25 } },
      "35": { "start": { "line": 36, "column": 0 }, "end": { "line": 36, "column": 31 } },
      "36": { "start": { "line": 37, "column": 0 }, "end": { "line": 37, "column": 28 } },
      "37": { "start": { "line": 38, "column": 0 }, "end": { "line": 38, "column": 28 } },
      "38": { "start": { "line": 39, "column": 0 }, "end": { "line": 39, "column": 6 } },
      "39": { "start": { "line": 40, "column": 0 }, "end": { "line": 40, "column": 0 } },
      "40": { "start": { "line": 41, "column": 0 }, "end": { "line": 41, "column": 68 } },
      "41": { "start": { "line": 42, "column": 0 }, "end": { "line": 42, "column": 19 } },
      "42": { "start": { "line": 43, "column": 0 }, "end": { "line": 43, "column": 53 } },
      "43": { "start": { "line": 44, "column": 0 }, "end": { "line": 44, "column": 15 } },
      "44": { "start": { "line": 45, "column": 0 }, "end": { "line": 45, "column": 3 } },
      "45": { "start": { "line": 46, "column": 0 }, "end": { "line": 46, "column": 1 } }
    },
    "s": {
      "0": 1,
      "1": 1,
      "2": 1,
      "3": 1,
      "4": 1,
      "5": 1,
      "6": 1,
      "7": 1,
      "8": 1,
      "9": 1,
      "10": 1,
      "11": 1,
      "12": 1,
      "13": 1,
      "14": 1,
      "15": 1,
      "16": 1,
      "17": 3,
      "18": 3,
      "19": 3,
      "20": 3,
      "21": 3,
      "22": 3,
      "23": 3,
      "24": 3,
      "25": 3,
      "26": 1,
      "27": 1,
      "28": 1,
      "29": 2,
      "30": 2,
      "31": 2,
      "32": 2,
      "33": 2,
      "34": 2,
      "35": 2,
      "36": 2,
      "37": 2,
      "38": 2,
      "39": 2,
      "40": 2,
      "41": 3,
      "42": 1,
      "43": 1,
      "44": 1,
      "45": 3
    },
    "branchMap": {
      "0": {
        "type": "branch",
        "line": 17,
        "loc": { "start": { "line": 17, "column": 31 }, "end": { "line": 46, "column": 1 } },
        "locations": [{ "start": { "line": 17, "column": 31 }, "end": { "line": 46, "column": 1 } }]
      },
      "1": {
        "type": "branch",
        "line": 26,
        "loc": { "start": { "line": 26, "column": 22 }, "end": { "line": 29, "column": 5 } },
        "locations": [{ "start": { "line": 26, "column": 22 }, "end": { "line": 29, "column": 5 } }]
      },
      "2": {
        "type": "branch",
        "line": 30,
        "loc": { "start": { "line": 30, "column": -1 }, "end": { "line": 42, "column": 11 } },
        "locations": [{ "start": { "line": 30, "column": -1 }, "end": { "line": 42, "column": 11 } }]
      },
      "3": {
        "type": "branch",
        "line": 42,
        "loc": { "start": { "line": 42, "column": 4 }, "end": { "line": 45, "column": 3 } },
        "locations": [{ "start": { "line": 42, "column": 4 }, "end": { "line": 45, "column": 3 } }]
      }
    },
    "b": { "0": [3], "1": [1], "2": [2], "3": [1] },
    "fnMap": {
      "0": {
        "name": "registerUseCase",
        "decl": { "start": { "line": 17, "column": 31 }, "end": { "line": 46, "column": 1 } },
        "loc": { "start": { "line": 17, "column": 31 }, "end": { "line": 46, "column": 1 } },
        "line": 17
      }
    },
    "f": { "0": 3 }
  },
  "/Users/andrebeolchi/Developer/ecommerce/ecommerce-api/src/domain/cart/application/use-cases/create-cart-use-case.ts": {
    "path": "/Users/andrebeolchi/Developer/ecommerce/ecommerce-api/src/domain/cart/application/use-cases/create-cart-use-case.ts",
    "all": false,
    "statementMap": {
      "0": { "start": { "line": 1, "column": 0 }, "end": { "line": 1, "column": 39 } },
      "1": { "start": { "line": 2, "column": 0 }, "end": { "line": 2, "column": 87 } },
      "2": { "start": { "line": 3, "column": 0 }, "end": { "line": 3, "column": 96 } },
      "3": { "start": { "line": 4, "column": 0 }, "end": { "line": 4, "column": 65 } },
      "4": { "start": { "line": 5, "column": 0 }, "end": { "line": 5, "column": 0 } },
      "5": { "start": { "line": 6, "column": 0 }, "end": { "line": 6, "column": 34 } },
      "6": { "start": { "line": 7, "column": 0 }, "end": { "line": 7, "column": 16 } },
      "7": { "start": { "line": 8, "column": 0 }, "end": { "line": 8, "column": 19 } },
      "8": { "start": { "line": 9, "column": 0 }, "end": { "line": 9, "column": 18 } },
      "9": { "start": { "line": 10, "column": 0 }, "end": { "line": 10, "column": 1 } },
      "10": { "start": { "line": 11, "column": 0 }, "end": { "line": 11, "column": 0 } },
      "11": { "start": { "line": 12, "column": 0 }, "end": { "line": 12, "column": 41 } },
      "12": { "start": { "line": 13, "column": 0 }, "end": { "line": 13, "column": 16 } },
      "13": { "start": { "line": 14, "column": 0 }, "end": { "line": 14, "column": 32 } },
      "14": { "start": { "line": 15, "column": 0 }, "end": { "line": 15, "column": 38 } },
      "15": { "start": { "line": 16, "column": 0 }, "end": { "line": 16, "column": 1 } },
      "16": { "start": { "line": 17, "column": 0 }, "end": { "line": 17, "column": 0 } },
      "17": { "start": { "line": 18, "column": 0 }, "end": { "line": 18, "column": 153 } },
      "18": { "start": { "line": 19, "column": 0 }, "end": { "line": 19, "column": 67 } },
      "19": { "start": { "line": 20, "column": 0 }, "end": { "line": 20, "column": 0 } },
      "20": { "start": { "line": 21, "column": 0 }, "end": { "line": 21, "column": 17 } },
      "21": { "start": { "line": 22, "column": 0 }, "end": { "line": 22, "column": 69 } },
      "22": { "start": { "line": 23, "column": 0 }, "end": { "line": 23, "column": 48 } },
      "23": { "start": { "line": 24, "column": 0 }, "end": { "line": 24, "column": 3 } },
      "24": { "start": { "line": 25, "column": 0 }, "end": { "line": 25, "column": 0 } },
      "25": { "start": { "line": 26, "column": 0 }, "end": { "line": 26, "column": 39 } },
      "26": { "start": { "line": 27, "column": 0 }, "end": { "line": 27, "column": 148 } },
      "27": { "start": { "line": 28, "column": 0 }, "end": { "line": 28, "column": 53 } },
      "28": { "start": { "line": 29, "column": 0 }, "end": { "line": 29, "column": 3 } },
      "29": { "start": { "line": 30, "column": 0 }, "end": { "line": 30, "column": 0 } },
      "30": { "start": { "line": 31, "column": 0 }, "end": { "line": 31, "column": 122 } },
      "31": { "start": { "line": 32, "column": 0 }, "end": { "line": 32, "column": 0 } },
      "32": { "start": { "line": 33, "column": 0 }, "end": { "line": 33, "column": 17 } },
      "33": { "start": { "line": 34, "column": 0 }, "end": { "line": 34, "column": 37 } },
      "34": { "start": { "line": 35, "column": 0 }, "end": { "line": 35, "column": 30 } },
      "35": { "start": { "line": 36, "column": 0 }, "end": { "line": 36, "column": 51 } },
      "36": { "start": { "line": 37, "column": 0 }, "end": { "line": 37, "column": 6 } },
      "37": { "start": { "line": 38, "column": 0 }, "end": { "line": 38, "column": 10 } },
      "38": { "start": { "line": 39, "column": 0 }, "end": { "line": 39, "column": 3 } },
      "39": { "start": { "line": 40, "column": 0 }, "end": { "line": 40, "column": 0 } },
      "40": { "start": { "line": 41, "column": 0 }, "end": { "line": 41, "column": 35 } },
      "41": { "start": { "line": 42, "column": 0 }, "end": { "line": 42, "column": 25 } },
      "42": { "start": { "line": 43, "column": 0 }, "end": { "line": 43, "column": 31 } },
      "43": { "start": { "line": 44, "column": 0 }, "end": { "line": 44, "column": 29 } },
      "44": { "start": { "line": 45, "column": 0 }, "end": { "line": 45, "column": 23 } },
      "45": { "start": { "line": 46, "column": 0 }, "end": { "line": 46, "column": 25 } },
      "46": { "start": { "line": 47, "column": 0 }, "end": { "line": 47, "column": 4 } },
      "47": { "start": { "line": 48, "column": 0 }, "end": { "line": 48, "column": 1 } }
    },
    "s": {
      "0": 1,
      "1": 1,
      "2": 1,
      "3": 1,
      "4": 1,
      "5": 1,
      "6": 1,
      "7": 1,
      "8": 1,
      "9": 1,
      "10": 1,
      "11": 1,
      "12": 1,
      "13": 1,
      "14": 1,
      "15": 1,
      "16": 1,
      "17": 1,
      "18": 4,
      "19": 4,
      "20": 4,
      "21": 1,
      "22": 1,
      "23": 1,
      "24": 3,
      "25": 4,
      "26": 1,
      "27": 1,
      "28": 1,
      "29": 2,
      "30": 2,
      "31": 2,
      "32": 4,
      "33": 1,
      "34": 1,
      "35": 1,
      "36": 1,
      "37": 1,
      "38": 1,
      "39": 1,
      "40": 1,
      "41": 1,
      "42": 1,
      "43": 1,
      "44": 1,
      "45": 1,
      "46": 1,
      "47": 1
    },
    "branchMap": {
      "0": {
        "type": "branch",
        "line": 18,
        "loc": { "start": { "line": 18, "column": 33 }, "end": { "line": 48, "column": 1 } },
        "locations": [{ "start": { "line": 18, "column": 33 }, "end": { "line": 48, "column": 1 } }]
      },
      "1": {
        "type": "branch",
        "line": 21,
        "loc": { "start": { "line": 21, "column": 16 }, "end": { "line": 24, "column": 3 } },
        "locations": [{ "start": { "line": 21, "column": 16 }, "end": { "line": 24, "column": 3 } }]
      },
      "2": {
        "type": "branch",
        "line": 25,
        "loc": { "start": { "line": 25, "column": -1 }, "end": { "line": 26, "column": 38 } },
        "locations": [{ "start": { "line": 25, "column": -1 }, "end": { "line": 26, "column": 38 } }]
      },
      "3": {
        "type": "branch",
        "line": 26,
        "loc": { "start": { "line": 26, "column": 38 }, "end": { "line": 29, "column": 3 } },
        "locations": [{ "start": { "line": 26, "column": 38 }, "end": { "line": 29, "column": 3 } }]
      },
      "4": {
        "type": "branch",
        "line": 30,
        "loc": { "start": { "line": 30, "column": -1 }, "end": { "line": 33, "column": 16 } },
        "locations": [{ "start": { "line": 30, "column": -1 }, "end": { "line": 33, "column": 16 } }]
      },
      "5": {
        "type": "branch",
        "line": 33,
        "loc": { "start": { "line": 33, "column": 16 }, "end": { "line": 48, "column": 1 } },
        "locations": [{ "start": { "line": 33, "column": 16 }, "end": { "line": 48, "column": 1 } }]
      }
    },
    "b": { "0": [4], "1": [1], "2": [3], "3": [1], "4": [2], "5": [1] },
    "fnMap": {
      "0": {
        "name": "createCartUseCase",
        "decl": { "start": { "line": 18, "column": 33 }, "end": { "line": 48, "column": 1 } },
        "loc": { "start": { "line": 18, "column": 33 }, "end": { "line": 48, "column": 1 } },
        "line": 18
      }
    },
    "f": { "0": 4 }
  },
  "/Users/andrebeolchi/Developer/ecommerce/ecommerce-api/src/domain/catalog/application/use-cases/get-product-by-id-use-case.ts": {
    "path": "/Users/andrebeolchi/Developer/ecommerce/ecommerce-api/src/domain/catalog/application/use-cases/get-product-by-id-use-case.ts",
    "all": false,
    "statementMap": {
      "0": { "start": { "line": 1, "column": 0 }, "end": { "line": 1, "column": 65 } },
      "1": { "start": { "line": 2, "column": 0 }, "end": { "line": 2, "column": 0 } },
      "2": { "start": { "line": 3, "column": 0 }, "end": { "line": 3, "column": 59 } },
      "3": { "start": { "line": 4, "column": 0 }, "end": { "line": 4, "column": 0 } },
      "4": { "start": { "line": 5, "column": 0 }, "end": { "line": 5, "column": 96 } },
      "5": { "start": { "line": 6, "column": 0 }, "end": { "line": 6, "column": 0 } },
      "6": { "start": { "line": 7, "column": 0 }, "end": { "line": 7, "column": 39 } },
      "7": { "start": { "line": 8, "column": 0 }, "end": { "line": 8, "column": 0 } },
      "8": { "start": { "line": 9, "column": 0 }, "end": { "line": 9, "column": 45 } },
      "9": { "start": { "line": 10, "column": 0 }, "end": { "line": 10, "column": 16 } },
      "10": { "start": { "line": 11, "column": 0 }, "end": { "line": 11, "column": 38 } },
      "11": { "start": { "line": 12, "column": 0 }, "end": { "line": 12, "column": 1 } },
      "12": { "start": { "line": 13, "column": 0 }, "end": { "line": 13, "column": 0 } },
      "13": { "start": { "line": 14, "column": 0 }, "end": { "line": 14, "column": 44 } },
      "14": { "start": { "line": 15, "column": 0 }, "end": { "line": 15, "column": 27 } },
      "15": { "start": { "line": 16, "column": 0 }, "end": { "line": 16, "column": 66 } },
      "16": { "start": { "line": 17, "column": 0 }, "end": { "line": 17, "column": 6 } },
      "17": { "start": { "line": 18, "column": 0 }, "end": { "line": 18, "column": 61 } },
      "18": { "start": { "line": 19, "column": 0 }, "end": { "line": 19, "column": 0 } },
      "19": { "start": { "line": 20, "column": 0 }, "end": { "line": 20, "column": 17 } },
      "20": { "start": { "line": 21, "column": 0 }, "end": { "line": 21, "column": 51 } },
      "21": { "start": { "line": 22, "column": 0 }, "end": { "line": 22, "column": 48 } },
      "22": { "start": { "line": 23, "column": 0 }, "end": { "line": 23, "column": 3 } },
      "23": { "start": { "line": 24, "column": 0 }, "end": { "line": 24, "column": 0 } },
      "24": { "start": { "line": 25, "column": 0 }, "end": { "line": 25, "column": 16 } },
      "25": { "start": { "line": 26, "column": 0 }, "end": { "line": 26, "column": 1 } }
    },
    "s": {
      "0": 1,
      "1": 1,
      "2": 1,
      "3": 1,
      "4": 1,
      "5": 1,
      "6": 1,
      "7": 1,
      "8": 1,
      "9": 1,
      "10": 1,
      "11": 1,
      "12": 1,
      "13": 1,
      "14": 2,
      "15": 2,
      "16": 2,
      "17": 2,
      "18": 2,
      "19": 2,
      "20": 1,
      "21": 1,
      "22": 1,
      "23": 1,
      "24": 1,
      "25": 1
    },
    "branchMap": {
      "0": {
        "type": "branch",
        "line": 14,
        "loc": { "start": { "line": 14, "column": 37 }, "end": { "line": 26, "column": 1 } },
        "locations": [{ "start": { "line": 14, "column": 37 }, "end": { "line": 26, "column": 1 } }]
      },
      "1": {
        "type": "branch",
        "line": 20,
        "loc": { "start": { "line": 20, "column": 16 }, "end": { "line": 26, "column": 1 } },
        "locations": [{ "start": { "line": 20, "column": 16 }, "end": { "line": 26, "column": 1 } }]
      }
    },
    "b": { "0": [2], "1": [1] },
    "fnMap": {
      "0": {
        "name": "getProductByIdUseCase",
        "decl": { "start": { "line": 14, "column": 37 }, "end": { "line": 26, "column": 1 } },
        "loc": { "start": { "line": 14, "column": 37 }, "end": { "line": 26, "column": 1 } },
        "line": 14
      }
    },
    "f": { "0": 2 }
  },
  "/Users/andrebeolchi/Developer/ecommerce/ecommerce-api/src/domain/commons/errors/custom.ts": {
    "path": "/Users/andrebeolchi/Developer/ecommerce/ecommerce-api/src/domain/commons/errors/custom.ts",
    "all": false,
    "statementMap": {
      "0": { "start": { "line": 1, "column": 0 }, "end": { "line": 1, "column": 49 } },
      "1": { "start": { "line": 2, "column": 0 }, "end": { "line": 2, "column": 25 } },
      "2": { "start": { "line": 3, "column": 0 }, "end": { "line": 3, "column": 32 } },
      "3": { "start": { "line": 4, "column": 0 }, "end": { "line": 4, "column": 18 } },
      "4": { "start": { "line": 5, "column": 0 }, "end": { "line": 5, "column": 37 } },
      "5": { "start": { "line": 6, "column": 0 }, "end": { "line": 6, "column": 3 } },
      "6": { "start": { "line": 7, "column": 0 }, "end": { "line": 7, "column": 1 } }
    },
    "s": { "0": 1, "1": 1, "2": 1, "3": 2, "4": 2, "5": 2, "6": 1 },
    "branchMap": {
      "0": {
        "type": "branch",
        "line": 3,
        "loc": { "start": { "line": 3, "column": 2 }, "end": { "line": 6, "column": 3 } },
        "locations": [{ "start": { "line": 3, "column": 2 }, "end": { "line": 6, "column": 3 } }]
      }
    },
    "b": { "0": [2] },
    "fnMap": {
      "0": {
        "name": "CustomError",
        "decl": { "start": { "line": 3, "column": 2 }, "end": { "line": 6, "column": 3 } },
        "loc": { "start": { "line": 3, "column": 2 }, "end": { "line": 6, "column": 3 } },
        "line": 3
      }
    },
    "f": { "0": 2 }
  },
  "/Users/andrebeolchi/Developer/ecommerce/ecommerce-api/src/domain/commons/errors/not-found.ts": {
    "path": "/Users/andrebeolchi/Developer/ecommerce/ecommerce-api/src/domain/commons/errors/not-found.ts",
    "all": false,
    "statementMap": {
      "0": { "start": { "line": 1, "column": 0 }, "end": { "line": 1, "column": 38 } },
      "1": { "start": { "line": 2, "column": 0 }, "end": { "line": 2, "column": 0 } },
      "2": { "start": { "line": 3, "column": 0 }, "end": { "line": 3, "column": 48 } },
      "3": { "start": { "line": 4, "column": 0 }, "end": { "line": 4, "column": 14 } },
      "4": { "start": { "line": 5, "column": 0 }, "end": { "line": 5, "column": 0 } },
      "5": { "start": { "line": 6, "column": 0 }, "end": { "line": 6, "column": 32 } },
      "6": { "start": { "line": 7, "column": 0 }, "end": { "line": 7, "column": 18 } },
      "7": { "start": { "line": 8, "column": 0 }, "end": { "line": 8, "column": 3 } },
      "8": { "start": { "line": 9, "column": 0 }, "end": { "line": 9, "column": 1 } }
    },
    "s": { "0": 1, "1": 1, "2": 1, "3": 1, "4": 1, "5": 1, "6": 2, "7": 2, "8": 1 },
    "branchMap": {
      "0": {
        "type": "branch",
        "line": 6,
        "loc": { "start": { "line": 6, "column": 2 }, "end": { "line": 8, "column": 3 } },
        "locations": [{ "start": { "line": 6, "column": 2 }, "end": { "line": 8, "column": 3 } }]
      }
    },
    "b": { "0": [2] },
    "fnMap": {
      "0": {
        "name": "NotFoundError",
        "decl": { "start": { "line": 6, "column": 2 }, "end": { "line": 8, "column": 3 } },
        "loc": { "start": { "line": 6, "column": 2 }, "end": { "line": 8, "column": 3 } },
        "line": 6
      }
    },
    "f": { "0": 2 }
  },
  "/Users/andrebeolchi/Developer/ecommerce/ecommerce-api/src/infra/fixtures/index.ts": {
    "path": "/Users/andrebeolchi/Developer/ecommerce/ecommerce-api/src/infra/fixtures/index.ts",
    "all": false,
    "statementMap": {
      "0": { "start": { "line": 1, "column": 0 }, "end": { "line": 1, "column": 39 } },
      "1": { "start": { "line": 2, "column": 0 }, "end": { "line": 2, "column": 31 } },
      "2": { "start": { "line": 3, "column": 0 }, "end": { "line": 3, "column": 0 } },
      "3": { "start": { "line": 4, "column": 0 }, "end": { "line": 4, "column": 50 } },
      "4": { "start": { "line": 5, "column": 0 }, "end": { "line": 5, "column": 59 } },
      "5": { "start": { "line": 6, "column": 0 }, "end": { "line": 6, "column": 59 } },
      "6": { "start": { "line": 7, "column": 0 }, "end": { "line": 7, "column": 0 } },
      "7": { "start": { "line": 8, "column": 0 }, "end": { "line": 8, "column": 54 } },
      "8": { "start": { "line": 9, "column": 0 }, "end": { "line": 9, "column": 32 } },
      "9": { "start": { "line": 10, "column": 0 }, "end": { "line": 10, "column": 38 } },
      "10": { "start": { "line": 11, "column": 0 }, "end": { "line": 11, "column": 44 } },
      "11": { "start": { "line": 12, "column": 0 }, "end": { "line": 12, "column": 37 } },
      "12": { "start": { "line": 13, "column": 0 }, "end": { "line": 13, "column": 39 } },
      "13": { "start": { "line": 14, "column": 0 }, "end": { "line": 14, "column": 2 } },
      "14": { "start": { "line": 15, "column": 0 }, "end": { "line": 15, "column": 0 } },
      "15": { "start": { "line": 16, "column": 0 }, "end": { "line": 16, "column": 60 } },
      "16": { "start": { "line": 17, "column": 0 }, "end": { "line": 17, "column": 32 } },
      "17": { "start": { "line": 18, "column": 0 }, "end": { "line": 18, "column": 36 } },
      "18": { "start": { "line": 19, "column": 0 }, "end": { "line": 19, "column": 43 } },
      "19": { "start": { "line": 20, "column": 0 }, "end": { "line": 20, "column": 57 } },
      "20": { "start": { "line": 21, "column": 0 }, "end": { "line": 21, "column": 70 } },
      "21": { "start": { "line": 22, "column": 0 }, "end": { "line": 22, "column": 54 } },
      "22": { "start": { "line": 23, "column": 0 }, "end": { "line": 23, "column": 78 } },
      "23": { "start": { "line": 24, "column": 0 }, "end": { "line": 24, "column": 45 } },
      "24": { "start": { "line": 25, "column": 0 }, "end": { "line": 25, "column": 45 } },
      "25": { "start": { "line": 26, "column": 0 }, "end": { "line": 26, "column": 37 } },
      "26": { "start": { "line": 27, "column": 0 }, "end": { "line": 27, "column": 39 } },
      "27": { "start": { "line": 28, "column": 0 }, "end": { "line": 28, "column": 2 } },
      "28": { "start": { "line": 29, "column": 0 }, "end": { "line": 29, "column": 0 } },
      "29": { "start": { "line": 30, "column": 0 }, "end": { "line": 30, "column": 62 } },
      "30": { "start": { "line": 31, "column": 0 }, "end": { "line": 31, "column": 32 } },
      "31": { "start": { "line": 32, "column": 0 }, "end": { "line": 32, "column": 39 } },
      "32": { "start": { "line": 33, "column": 0 }, "end": { "line": 33, "column": 43 } },
      "33": { "start": { "line": 34, "column": 0 }, "end": { "line": 34, "column": 56 } },
      "34": { "start": { "line": 35, "column": 0 }, "end": { "line": 35, "column": 70 } },
      "35": { "start": { "line": 36, "column": 0 }, "end": { "line": 36, "column": 37 } },
      "36": { "start": { "line": 37, "column": 0 }, "end": { "line": 37, "column": 39 } },
      "37": { "start": { "line": 38, "column": 0 }, "end": { "line": 38, "column": 2 } }
    },
    "s": {
      "0": 1,
      "1": 1,
      "2": 1,
      "3": 1,
      "4": 1,
      "5": 1,
      "6": 1,
      "7": 1,
      "8": 1,
      "9": 1,
      "10": 1,
      "11": 1,
      "12": 1,
      "13": 1,
      "14": 1,
      "15": 1,
      "16": 1,
      "17": 1,
      "18": 1,
      "19": 1,
      "20": 1,
      "21": 1,
      "22": 1,
      "23": 1,
      "24": 1,
      "25": 1,
      "26": 1,
      "27": 1,
      "28": 1,
      "29": 1,
      "30": 1,
      "31": 1,
      "32": 1,
      "33": 1,
      "34": 1,
      "35": 1,
      "36": 1,
      "37": 1
    },
    "branchMap": {
      "0": {
        "type": "branch",
        "line": 9,
        "loc": { "start": { "line": 9, "column": 6 }, "end": { "line": 9, "column": 31 } },
        "locations": [{ "start": { "line": 9, "column": 6 }, "end": { "line": 9, "column": 31 } }]
      },
      "1": {
        "type": "branch",
        "line": 10,
        "loc": { "start": { "line": 10, "column": 9 }, "end": { "line": 10, "column": 37 } },
        "locations": [{ "start": { "line": 10, "column": 9 }, "end": { "line": 10, "column": 37 } }]
      },
      "2": {
        "type": "branch",
        "line": 11,
        "loc": { "start": { "line": 11, "column": 12 }, "end": { "line": 11, "column": 43 } },
        "locations": [{ "start": { "line": 11, "column": 12 }, "end": { "line": 11, "column": 43 } }]
      },
      "3": {
        "type": "branch",
        "line": 12,
        "loc": { "start": { "line": 12, "column": 13 }, "end": { "line": 12, "column": 36 } },
        "locations": [{ "start": { "line": 12, "column": 13 }, "end": { "line": 12, "column": 36 } }]
      },
      "4": {
        "type": "branch",
        "line": 13,
        "loc": { "start": { "line": 13, "column": 13 }, "end": { "line": 13, "column": 38 } },
        "locations": [{ "start": { "line": 13, "column": 13 }, "end": { "line": 13, "column": 38 } }]
      },
      "5": {
        "type": "branch",
        "line": 17,
        "loc": { "start": { "line": 17, "column": 6 }, "end": { "line": 17, "column": 31 } },
        "locations": [{ "start": { "line": 17, "column": 6 }, "end": { "line": 17, "column": 31 } }]
      },
      "6": {
        "type": "branch",
        "line": 18,
        "loc": { "start": { "line": 18, "column": 12 }, "end": { "line": 18, "column": 35 } },
        "locations": [{ "start": { "line": 18, "column": 12 }, "end": { "line": 18, "column": 35 } }]
      },
      "7": {
        "type": "branch",
        "line": 19,
        "loc": { "start": { "line": 19, "column": 8 }, "end": { "line": 19, "column": 42 } },
        "locations": [{ "start": { "line": 19, "column": 8 }, "end": { "line": 19, "column": 42 } }]
      },
      "8": {
        "type": "branch",
        "line": 20,
        "loc": { "start": { "line": 20, "column": 15 }, "end": { "line": 20, "column": 56 } },
        "locations": [{ "start": { "line": 20, "column": 15 }, "end": { "line": 20, "column": 56 } }]
      },
      "9": {
        "type": "branch",
        "line": 21,
        "loc": { "start": { "line": 21, "column": 9 }, "end": { "line": 21, "column": 69 } },
        "locations": [{ "start": { "line": 21, "column": 9 }, "end": { "line": 21, "column": 69 } }]
      },
      "10": {
        "type": "branch",
        "line": 22,
        "loc": { "start": { "line": 22, "column": 9 }, "end": { "line": 22, "column": 53 } },
        "locations": [{ "start": { "line": 22, "column": 9 }, "end": { "line": 22, "column": 53 } }]
      },
      "11": {
        "type": "branch",
        "line": 23,
        "loc": { "start": { "line": 23, "column": 20 }, "end": { "line": 23, "column": 77 } },
        "locations": [{ "start": { "line": 23, "column": 20 }, "end": { "line": 23, "column": 77 } }]
      },
      "12": {
        "type": "branch",
        "line": 24,
        "loc": { "start": { "line": 24, "column": 21 }, "end": { "line": 24, "column": 44 } },
        "locations": [{ "start": { "line": 24, "column": 21 }, "end": { "line": 24, "column": 44 } }]
      },
      "13": {
        "type": "branch",
        "line": 25,
        "loc": { "start": { "line": 25, "column": 19 }, "end": { "line": 25, "column": 44 } },
        "locations": [{ "start": { "line": 25, "column": 19 }, "end": { "line": 25, "column": 44 } }]
      },
      "14": {
        "type": "branch",
        "line": 26,
        "loc": { "start": { "line": 26, "column": 13 }, "end": { "line": 26, "column": 36 } },
        "locations": [{ "start": { "line": 26, "column": 13 }, "end": { "line": 26, "column": 36 } }]
      },
      "15": {
        "type": "branch",
        "line": 27,
        "loc": { "start": { "line": 27, "column": 13 }, "end": { "line": 27, "column": 38 } },
        "locations": [{ "start": { "line": 27, "column": 13 }, "end": { "line": 27, "column": 38 } }]
      },
      "16": {
        "type": "branch",
        "line": 31,
        "loc": { "start": { "line": 31, "column": 6 }, "end": { "line": 31, "column": 31 } },
        "locations": [{ "start": { "line": 31, "column": 6 }, "end": { "line": 31, "column": 31 } }]
      },
      "17": {
        "type": "branch",
        "line": 32,
        "loc": { "start": { "line": 32, "column": 13 }, "end": { "line": 32, "column": 38 } },
        "locations": [{ "start": { "line": 32, "column": 13 }, "end": { "line": 32, "column": 38 } }]
      },
      "18": {
        "type": "branch",
        "line": 33,
        "loc": { "start": { "line": 33, "column": 8 }, "end": { "line": 33, "column": 42 } },
        "locations": [{ "start": { "line": 33, "column": 8 }, "end": { "line": 33, "column": 42 } }]
      },
      "19": {
        "type": "branch",
        "line": 34,
        "loc": { "start": { "line": 34, "column": 12 }, "end": { "line": 34, "column": 55 } },
        "locations": [{ "start": { "line": 34, "column": 12 }, "end": { "line": 34, "column": 55 } }]
      },
      "20": {
        "type": "branch",
        "line": 35,
        "loc": { "start": { "line": 35, "column": 9 }, "end": { "line": 35, "column": 69 } },
        "locations": [{ "start": { "line": 35, "column": 9 }, "end": { "line": 35, "column": 69 } }]
      },
      "21": {
        "type": "branch",
        "line": 36,
        "loc": { "start": { "line": 36, "column": 13 }, "end": { "line": 36, "column": 36 } },
        "locations": [{ "start": { "line": 36, "column": 13 }, "end": { "line": 36, "column": 36 } }]
      },
      "22": {
        "type": "branch",
        "line": 37,
        "loc": { "start": { "line": 37, "column": 13 }, "end": { "line": 37, "column": 38 } },
        "locations": [{ "start": { "line": 37, "column": 13 }, "end": { "line": 37, "column": 38 } }]
      }
    },
    "b": {
      "0": [10],
      "1": [10],
      "2": [10],
      "3": [10],
      "4": [10],
      "5": [4],
      "6": [4],
      "7": [4],
      "8": [4],
      "9": [4],
      "10": [3],
      "11": [4],
      "12": [4],
      "13": [4],
      "14": [4],
      "15": [4],
      "16": [4],
      "17": [2],
      "18": [4],
      "19": [4],
      "20": [4],
      "21": [4],
      "22": [4]
    },
    "fnMap": {
      "0": {
        "name": "id",
        "decl": { "start": { "line": 9, "column": 6 }, "end": { "line": 9, "column": 31 } },
        "loc": { "start": { "line": 9, "column": 6 }, "end": { "line": 9, "column": 31 } },
        "line": 9
      },
      "1": {
        "name": "email",
        "decl": { "start": { "line": 10, "column": 9 }, "end": { "line": 10, "column": 37 } },
        "loc": { "start": { "line": 10, "column": 9 }, "end": { "line": 10, "column": 37 } },
        "line": 10
      },
      "2": {
        "name": "password",
        "decl": { "start": { "line": 11, "column": 12 }, "end": { "line": 11, "column": 43 } },
        "loc": { "start": { "line": 11, "column": 12 }, "end": { "line": 11, "column": 43 } },
        "line": 11
      },
      "3": {
        "name": "createdAt",
        "decl": { "start": { "line": 12, "column": 13 }, "end": { "line": 12, "column": 36 } },
        "loc": { "start": { "line": 12, "column": 13 }, "end": { "line": 12, "column": 36 } },
        "line": 12
      },
      "4": {
        "name": "updatedAt",
        "decl": { "start": { "line": 13, "column": 13 }, "end": { "line": 13, "column": 38 } },
        "loc": { "start": { "line": 13, "column": 13 }, "end": { "line": 13, "column": 38 } },
        "line": 13
      },
      "5": {
        "name": "id",
        "decl": { "start": { "line": 17, "column": 6 }, "end": { "line": 17, "column": 31 } },
        "loc": { "start": { "line": 17, "column": 6 }, "end": { "line": 17, "column": 31 } },
        "line": 17
      },
      "6": {
        "name": "imageUrl",
        "decl": { "start": { "line": 18, "column": 12 }, "end": { "line": 18, "column": 35 } },
        "loc": { "start": { "line": 18, "column": 12 }, "end": { "line": 18, "column": 35 } },
        "line": 18
      },
      "7": {
        "name": "name",
        "decl": { "start": { "line": 19, "column": 8 }, "end": { "line": 19, "column": 42 } },
        "loc": { "start": { "line": 19, "column": 8 }, "end": { "line": 19, "column": 42 } },
        "line": 19
      },
      "8": {
        "name": "description",
        "decl": { "start": { "line": 20, "column": 15 }, "end": { "line": 20, "column": 56 } },
        "loc": { "start": { "line": 20, "column": 15 }, "end": { "line": 20, "column": 56 } },
        "line": 20
      },
      "9": {
        "name": "price",
        "decl": { "start": { "line": 21, "column": 9 }, "end": { "line": 21, "column": 69 } },
        "loc": { "start": { "line": 21, "column": 9 }, "end": { "line": 21, "column": 69 } },
        "line": 21
      },
      "10": {
        "name": "stock",
        "decl": { "start": { "line": 22, "column": 9 }, "end": { "line": 22, "column": 53 } },
        "loc": { "start": { "line": 22, "column": 9 }, "end": { "line": 22, "column": 53 } },
        "line": 22
      },
      "11": {
        "name": "promotionalPrice",
        "decl": { "start": { "line": 23, "column": 20 }, "end": { "line": 23, "column": 77 } },
        "loc": { "start": { "line": 23, "column": 20 }, "end": { "line": 23, "column": 77 } },
        "line": 23
      },
      "12": {
        "name": "promotionStartsAt",
        "decl": { "start": { "line": 24, "column": 21 }, "end": { "line": 24, "column": 44 } },
        "loc": { "start": { "line": 24, "column": 21 }, "end": { "line": 24, "column": 44 } },
        "line": 24
      },
      "13": {
        "name": "promotionEndsAt",
        "decl": { "start": { "line": 25, "column": 19 }, "end": { "line": 25, "column": 44 } },
        "loc": { "start": { "line": 25, "column": 19 }, "end": { "line": 25, "column": 44 } },
        "line": 25
      },
      "14": {
        "name": "createdAt",
        "decl": { "start": { "line": 26, "column": 13 }, "end": { "line": 26, "column": 36 } },
        "loc": { "start": { "line": 26, "column": 13 }, "end": { "line": 26, "column": 36 } },
        "line": 26
      },
      "15": {
        "name": "updatedAt",
        "decl": { "start": { "line": 27, "column": 13 }, "end": { "line": 27, "column": 38 } },
        "loc": { "start": { "line": 27, "column": 13 }, "end": { "line": 27, "column": 38 } },
        "line": 27
      },
      "16": {
        "name": "id",
        "decl": { "start": { "line": 31, "column": 6 }, "end": { "line": 31, "column": 31 } },
        "loc": { "start": { "line": 31, "column": 6 }, "end": { "line": 31, "column": 31 } },
        "line": 31
      },
      "17": {
        "name": "productId",
        "decl": { "start": { "line": 32, "column": 13 }, "end": { "line": 32, "column": 38 } },
        "loc": { "start": { "line": 32, "column": 13 }, "end": { "line": 32, "column": 38 } },
        "line": 32
      },
      "18": {
        "name": "name",
        "decl": { "start": { "line": 33, "column": 8 }, "end": { "line": 33, "column": 42 } },
        "loc": { "start": { "line": 33, "column": 8 }, "end": { "line": 33, "column": 42 } },
        "line": 33
      },
      "19": {
        "name": "quantity",
        "decl": { "start": { "line": 34, "column": 12 }, "end": { "line": 34, "column": 55 } },
        "loc": { "start": { "line": 34, "column": 12 }, "end": { "line": 34, "column": 55 } },
        "line": 34
      },
      "20": {
        "name": "price",
        "decl": { "start": { "line": 35, "column": 9 }, "end": { "line": 35, "column": 69 } },
        "loc": { "start": { "line": 35, "column": 9 }, "end": { "line": 35, "column": 69 } },
        "line": 35
      },
      "21": {
        "name": "createdAt",
        "decl": { "start": { "line": 36, "column": 13 }, "end": { "line": 36, "column": 36 } },
        "loc": { "start": { "line": 36, "column": 13 }, "end": { "line": 36, "column": 36 } },
        "line": 36
      },
      "22": {
        "name": "updatedAt",
        "decl": { "start": { "line": 37, "column": 13 }, "end": { "line": 37, "column": 38 } },
        "loc": { "start": { "line": 37, "column": 13 }, "end": { "line": 37, "column": 38 } },
        "line": 37
      }
    },
    "f": {
      "0": 10,
      "1": 10,
      "2": 10,
      "3": 10,
      "4": 10,
      "5": 4,
      "6": 4,
      "7": 4,
      "8": 4,
      "9": 4,
      "10": 3,
      "11": 4,
      "12": 4,
      "13": 4,
      "14": 4,
      "15": 4,
      "16": 4,
      "17": 2,
      "18": 4,
      "19": 4,
      "20": 4,
      "21": 4,
      "22": 4
    }
  }
}
