{"/home/runner/work/ecommerce-api/ecommerce-api/src/domain/auth/application/use-cases/login-use-case.ts": {"path":"/home/runner/work/ecommerce-api/ecommerce-api/src/domain/auth/application/use-cases/login-use-case.ts","all":false,"statementMap":{"0":{"start":{"line":1,"column":0},"end":{"line":1,"column":81}},"1":{"start":{"line":2,"column":0},"end":{"line":2,"column":87}},"2":{"start":{"line":3,"column":0},"end":{"line":3,"column":87}},"3":{"start":{"line":4,"column":0},"end":{"line":4,"column":0}},"4":{"start":{"line":5,"column":0},"end":{"line":5,"column":39}},"5":{"start":{"line":6,"column":0},"end":{"line":6,"column":0}},"6":{"start":{"line":7,"column":0},"end":{"line":7,"column":22}},"7":{"start":{"line":8,"column":0},"end":{"line":8,"column":15}},"8":{"start":{"line":9,"column":0},"end":{"line":9,"column":18}},"9":{"start":{"line":10,"column":0},"end":{"line":10,"column":1}},"10":{"start":{"line":11,"column":0},"end":{"line":11,"column":0}},"11":{"start":{"line":12,"column":0},"end":{"line":12,"column":29}},"12":{"start":{"line":13,"column":0},"end":{"line":13,"column":16}},"13":{"start":{"line":14,"column":0},"end":{"line":14,"column":32}},"14":{"start":{"line":15,"column":0},"end":{"line":15,"column":32}},"15":{"start":{"line":16,"column":0},"end":{"line":16,"column":26}},"16":{"start":{"line":17,"column":0},"end":{"line":17,"column":1}},"17":{"start":{"line":18,"column":0},"end":{"line":18,"column":0}},"18":{"start":{"line":19,"column":0},"end":{"line":19,"column":35}},"19":{"start":{"line":20,"column":0},"end":{"line":20,"column":20}},"20":{"start":{"line":21,"column":0},"end":{"line":21,"column":76}},"21":{"start":{"line":22,"column":0},"end":{"line":22,"column":6}},"22":{"start":{"line":23,"column":0},"end":{"line":23,"column":7}},"23":{"start":{"line":24,"column":0},"end":{"line":24,"column":58}},"24":{"start":{"line":25,"column":0},"end":{"line":25,"column":0}},"25":{"start":{"line":26,"column":0},"end":{"line":26,"column":62}},"26":{"start":{"line":27,"column":0},"end":{"line":27,"column":0}},"27":{"start":{"line":28,"column":0},"end":{"line":28,"column":16}},"28":{"start":{"line":29,"column":0},"end":{"line":29,"column":59}},"29":{"start":{"line":30,"column":0},"end":{"line":30,"column":44}},"30":{"start":{"line":31,"column":0},"end":{"line":31,"column":5}},"31":{"start":{"line":32,"column":0},"end":{"line":32,"column":0}},"32":{"start":{"line":33,"column":0},"end":{"line":33,"column":87}},"33":{"start":{"line":34,"column":0},"end":{"line":34,"column":0}},"34":{"start":{"line":35,"column":0},"end":{"line":35,"column":27}},"35":{"start":{"line":36,"column":0},"end":{"line":36,"column":69}},"36":{"start":{"line":37,"column":0},"end":{"line":37,"column":44}},"37":{"start":{"line":38,"column":0},"end":{"line":38,"column":5}},"38":{"start":{"line":39,"column":0},"end":{"line":39,"column":0}},"39":{"start":{"line":40,"column":0},"end":{"line":40,"column":83}},"40":{"start":{"line":41,"column":0},"end":{"line":41,"column":0}},"41":{"start":{"line":42,"column":0},"end":{"line":42,"column":67}},"42":{"start":{"line":43,"column":0},"end":{"line":43,"column":0}},"43":{"start":{"line":44,"column":0},"end":{"line":44,"column":20}},"44":{"start":{"line":45,"column":0},"end":{"line":45,"column":19}},"45":{"start":{"line":46,"column":0},"end":{"line":46,"column":52}},"46":{"start":{"line":47,"column":0},"end":{"line":47,"column":15}},"47":{"start":{"line":48,"column":0},"end":{"line":48,"column":3}},"48":{"start":{"line":49,"column":0},"end":{"line":49,"column":1}}},"s":{"0":1,"1":1,"2":1,"3":1,"4":1,"5":1,"6":1,"7":1,"8":1,"9":1,"10":1,"11":1,"12":1,"13":1,"14":1,"15":1,"16":1,"17":1,"18":1,"19":3,"20":3,"21":3,"22":3,"23":3,"24":3,"25":3,"26":3,"27":3,"28":1,"29":1,"30":1,"31":2,"32":2,"33":2,"34":3,"35":1,"36":1,"37":1,"38":1,"39":1,"40":1,"41":1,"42":1,"43":1,"44":3,"45":2,"46":2,"47":2,"48":3},"branchMap":{"0":{"type":"branch","line":19,"loc":{"start":{"line":19,"column":28},"end":{"line":49,"column":1}},"locations":[{"start":{"line":19,"column":28},"end":{"line":49,"column":1}}]},"1":{"type":"branch","line":28,"loc":{"start":{"line":28,"column":15},"end":{"line":31,"column":5}},"locations":[{"start":{"line":28,"column":15},"end":{"line":31,"column":5}}]},"2":{"type":"branch","line":32,"loc":{"start":{"line":32,"column":-1},"end":{"line":35,"column":26}},"locations":[{"start":{"line":32,"column":-1},"end":{"line":35,"column":26}}]},"3":{"type":"branch","line":35,"loc":{"start":{"line":35,"column":26},"end":{"line":45,"column":11}},"locations":[{"start":{"line":35,"column":26},"end":{"line":45,"column":11}}]},"4":{"type":"branch","line":45,"loc":{"start":{"line":45,"column":4},"end":{"line":48,"column":3}},"locations":[{"start":{"line":45,"column":4},"end":{"line":48,"column":3}}]}},"b":{"0":[3],"1":[1],"2":[2],"3":[1],"4":[2]},"fnMap":{"0":{"name":"loginUseCase","decl":{"start":{"line":19,"column":28},"end":{"line":49,"column":1}},"loc":{"start":{"line":19,"column":28},"end":{"line":49,"column":1}},"line":19}},"f":{"0":3}}
,"/home/runner/work/ecommerce-api/ecommerce-api/src/domain/auth/application/use-cases/register-use-case.ts": {"path":"/home/runner/work/ecommerce-api/ecommerce-api/src/domain/auth/application/use-cases/register-use-case.ts","all":false,"statementMap":{"0":{"start":{"line":1,"column":0},"end":{"line":1,"column":87}},"1":{"start":{"line":2,"column":0},"end":{"line":2,"column":87}},"2":{"start":{"line":3,"column":0},"end":{"line":3,"column":0}},"3":{"start":{"line":4,"column":0},"end":{"line":4,"column":39}},"4":{"start":{"line":5,"column":0},"end":{"line":5,"column":0}},"5":{"start":{"line":6,"column":0},"end":{"line":6,"column":25}},"6":{"start":{"line":7,"column":0},"end":{"line":7,"column":15}},"7":{"start":{"line":8,"column":0},"end":{"line":8,"column":18}},"8":{"start":{"line":9,"column":0},"end":{"line":9,"column":1}},"9":{"start":{"line":10,"column":0},"end":{"line":10,"column":0}},"10":{"start":{"line":11,"column":0},"end":{"line":11,"column":32}},"11":{"start":{"line":12,"column":0},"end":{"line":12,"column":16}},"12":{"start":{"line":13,"column":0},"end":{"line":13,"column":32}},"13":{"start":{"line":14,"column":0},"end":{"line":14,"column":32}},"14":{"start":{"line":15,"column":0},"end":{"line":15,"column":1}},"15":{"start":{"line":16,"column":0},"end":{"line":16,"column":0}},"16":{"start":{"line":17,"column":0},"end":{"line":17,"column":38}},"17":{"start":{"line":18,"column":0},"end":{"line":18,"column":23}},"18":{"start":{"line":19,"column":0},"end":{"line":19,"column":66}},"19":{"start":{"line":20,"column":0},"end":{"line":20,"column":6}},"20":{"start":{"line":21,"column":0},"end":{"line":21,"column":7}},"21":{"start":{"line":22,"column":0},"end":{"line":22,"column":63}},"22":{"start":{"line":23,"column":0},"end":{"line":23,"column":0}},"23":{"start":{"line":24,"column":0},"end":{"line":24,"column":70}},"24":{"start":{"line":25,"column":0},"end":{"line":25,"column":0}},"25":{"start":{"line":26,"column":0},"end":{"line":26,"column":23}},"26":{"start":{"line":27,"column":0},"end":{"line":27,"column":64}},"27":{"start":{"line":28,"column":0},"end":{"line":28,"column":44}},"28":{"start":{"line":29,"column":0},"end":{"line":29,"column":5}},"29":{"start":{"line":30,"column":0},"end":{"line":30,"column":0}},"30":{"start":{"line":31,"column":0},"end":{"line":31,"column":68}},"31":{"start":{"line":32,"column":0},"end":{"line":32,"column":0}},"32":{"start":{"line":33,"column":0},"end":{"line":33,"column":46}},"33":{"start":{"line":34,"column":0},"end":{"line":34,"column":30}},"34":{"start":{"line":35,"column":0},"end":{"line":35,"column":25}},"35":{"start":{"line":36,"column":0},"end":{"line":36,"column":31}},"36":{"start":{"line":37,"column":0},"end":{"line":37,"column":28}},"37":{"start":{"line":38,"column":0},"end":{"line":38,"column":28}},"38":{"start":{"line":39,"column":0},"end":{"line":39,"column":6}},"39":{"start":{"line":40,"column":0},"end":{"line":40,"column":0}},"40":{"start":{"line":41,"column":0},"end":{"line":41,"column":68}},"41":{"start":{"line":42,"column":0},"end":{"line":42,"column":19}},"42":{"start":{"line":43,"column":0},"end":{"line":43,"column":53}},"43":{"start":{"line":44,"column":0},"end":{"line":44,"column":15}},"44":{"start":{"line":45,"column":0},"end":{"line":45,"column":3}},"45":{"start":{"line":46,"column":0},"end":{"line":46,"column":1}}},"s":{"0":1,"1":1,"2":1,"3":1,"4":1,"5":1,"6":1,"7":1,"8":1,"9":1,"10":1,"11":1,"12":1,"13":1,"14":1,"15":1,"16":1,"17":3,"18":3,"19":3,"20":3,"21":3,"22":3,"23":3,"24":3,"25":3,"26":1,"27":1,"28":1,"29":2,"30":2,"31":2,"32":2,"33":2,"34":2,"35":2,"36":2,"37":2,"38":2,"39":2,"40":2,"41":3,"42":1,"43":1,"44":1,"45":3},"branchMap":{"0":{"type":"branch","line":17,"loc":{"start":{"line":17,"column":31},"end":{"line":46,"column":1}},"locations":[{"start":{"line":17,"column":31},"end":{"line":46,"column":1}}]},"1":{"type":"branch","line":26,"loc":{"start":{"line":26,"column":22},"end":{"line":29,"column":5}},"locations":[{"start":{"line":26,"column":22},"end":{"line":29,"column":5}}]},"2":{"type":"branch","line":30,"loc":{"start":{"line":30,"column":-1},"end":{"line":42,"column":11}},"locations":[{"start":{"line":30,"column":-1},"end":{"line":42,"column":11}}]},"3":{"type":"branch","line":42,"loc":{"start":{"line":42,"column":4},"end":{"line":45,"column":3}},"locations":[{"start":{"line":42,"column":4},"end":{"line":45,"column":3}}]}},"b":{"0":[3],"1":[1],"2":[2],"3":[1]},"fnMap":{"0":{"name":"registerUseCase","decl":{"start":{"line":17,"column":31},"end":{"line":46,"column":1}},"loc":{"start":{"line":17,"column":31},"end":{"line":46,"column":1}},"line":17}},"f":{"0":3}}
,"/home/runner/work/ecommerce-api/ecommerce-api/src/domain/cart/application/use-cases/create-cart-use-case.ts": {"path":"/home/runner/work/ecommerce-api/ecommerce-api/src/domain/cart/application/use-cases/create-cart-use-case.ts","all":false,"statementMap":{"0":{"start":{"line":1,"column":0},"end":{"line":1,"column":65}},"1":{"start":{"line":2,"column":0},"end":{"line":2,"column":0}},"2":{"start":{"line":3,"column":0},"end":{"line":3,"column":87}},"3":{"start":{"line":4,"column":0},"end":{"line":4,"column":96}},"4":{"start":{"line":5,"column":0},"end":{"line":5,"column":0}},"5":{"start":{"line":6,"column":0},"end":{"line":6,"column":39}},"6":{"start":{"line":7,"column":0},"end":{"line":7,"column":0}},"7":{"start":{"line":8,"column":0},"end":{"line":8,"column":34}},"8":{"start":{"line":9,"column":0},"end":{"line":9,"column":16}},"9":{"start":{"line":10,"column":0},"end":{"line":10,"column":19}},"10":{"start":{"line":11,"column":0},"end":{"line":11,"column":18}},"11":{"start":{"line":12,"column":0},"end":{"line":12,"column":1}},"12":{"start":{"line":13,"column":0},"end":{"line":13,"column":0}},"13":{"start":{"line":14,"column":0},"end":{"line":14,"column":41}},"14":{"start":{"line":15,"column":0},"end":{"line":15,"column":16}},"15":{"start":{"line":16,"column":0},"end":{"line":16,"column":32}},"16":{"start":{"line":17,"column":0},"end":{"line":17,"column":38}},"17":{"start":{"line":18,"column":0},"end":{"line":18,"column":1}},"18":{"start":{"line":19,"column":0},"end":{"line":19,"column":0}},"19":{"start":{"line":20,"column":0},"end":{"line":20,"column":40}},"20":{"start":{"line":21,"column":0},"end":{"line":21,"column":32}},"21":{"start":{"line":22,"column":0},"end":{"line":22,"column":78}},"22":{"start":{"line":23,"column":0},"end":{"line":23,"column":6}},"23":{"start":{"line":24,"column":0},"end":{"line":24,"column":67}},"24":{"start":{"line":25,"column":0},"end":{"line":25,"column":0}},"25":{"start":{"line":26,"column":0},"end":{"line":26,"column":17}},"26":{"start":{"line":27,"column":0},"end":{"line":27,"column":69}},"27":{"start":{"line":28,"column":0},"end":{"line":28,"column":48}},"28":{"start":{"line":29,"column":0},"end":{"line":29,"column":3}},"29":{"start":{"line":30,"column":0},"end":{"line":30,"column":0}},"30":{"start":{"line":31,"column":0},"end":{"line":31,"column":39}},"31":{"start":{"line":32,"column":0},"end":{"line":32,"column":52}},"32":{"start":{"line":33,"column":0},"end":{"line":33,"column":33}},"33":{"start":{"line":34,"column":0},"end":{"line":34,"column":40}},"34":{"start":{"line":35,"column":0},"end":{"line":35,"column":36}},"35":{"start":{"line":36,"column":0},"end":{"line":36,"column":6}},"36":{"start":{"line":37,"column":0},"end":{"line":37,"column":53}},"37":{"start":{"line":38,"column":0},"end":{"line":38,"column":3}},"38":{"start":{"line":39,"column":0},"end":{"line":39,"column":0}},"39":{"start":{"line":40,"column":0},"end":{"line":40,"column":74}},"40":{"start":{"line":41,"column":0},"end":{"line":41,"column":25}},"41":{"start":{"line":42,"column":0},"end":{"line":42,"column":31}},"42":{"start":{"line":43,"column":0},"end":{"line":43,"column":4}},"43":{"start":{"line":44,"column":0},"end":{"line":44,"column":0}},"44":{"start":{"line":45,"column":0},"end":{"line":45,"column":17}},"45":{"start":{"line":46,"column":0},"end":{"line":46,"column":41}},"46":{"start":{"line":47,"column":0},"end":{"line":47,"column":30}},"47":{"start":{"line":48,"column":0},"end":{"line":48,"column":51}},"48":{"start":{"line":49,"column":0},"end":{"line":49,"column":6}},"49":{"start":{"line":50,"column":0},"end":{"line":50,"column":10}},"50":{"start":{"line":51,"column":0},"end":{"line":51,"column":3}},"51":{"start":{"line":52,"column":0},"end":{"line":52,"column":0}},"52":{"start":{"line":53,"column":0},"end":{"line":53,"column":35}},"53":{"start":{"line":54,"column":0},"end":{"line":54,"column":25}},"54":{"start":{"line":55,"column":0},"end":{"line":55,"column":31}},"55":{"start":{"line":56,"column":0},"end":{"line":56,"column":29}},"56":{"start":{"line":57,"column":0},"end":{"line":57,"column":23}},"57":{"start":{"line":58,"column":0},"end":{"line":58,"column":25}},"58":{"start":{"line":59,"column":0},"end":{"line":59,"column":4}},"59":{"start":{"line":60,"column":0},"end":{"line":60,"column":1}}},"s":{"0":1,"1":1,"2":1,"3":1,"4":1,"5":1,"6":1,"7":1,"8":1,"9":1,"10":1,"11":1,"12":1,"13":1,"14":1,"15":1,"16":1,"17":1,"18":1,"19":1,"20":4,"21":4,"22":4,"23":4,"24":4,"25":4,"26":1,"27":1,"28":1,"29":3,"30":4,"31":1,"32":1,"33":1,"34":1,"35":1,"36":1,"37":1,"38":2,"39":2,"40":2,"41":2,"42":2,"43":2,"44":4,"45":1,"46":1,"47":1,"48":1,"49":1,"50":1,"51":1,"52":1,"53":1,"54":1,"55":1,"56":1,"57":1,"58":1,"59":1},"branchMap":{"0":{"type":"branch","line":20,"loc":{"start":{"line":20,"column":33},"end":{"line":60,"column":1}},"locations":[{"start":{"line":20,"column":33},"end":{"line":60,"column":1}}]},"1":{"type":"branch","line":26,"loc":{"start":{"line":26,"column":16},"end":{"line":29,"column":3}},"locations":[{"start":{"line":26,"column":16},"end":{"line":29,"column":3}}]},"2":{"type":"branch","line":30,"loc":{"start":{"line":30,"column":-1},"end":{"line":31,"column":38}},"locations":[{"start":{"line":30,"column":-1},"end":{"line":31,"column":38}}]},"3":{"type":"branch","line":31,"loc":{"start":{"line":31,"column":38},"end":{"line":38,"column":3}},"locations":[{"start":{"line":31,"column":38},"end":{"line":38,"column":3}}]},"4":{"type":"branch","line":39,"loc":{"start":{"line":39,"column":-1},"end":{"line":45,"column":16}},"locations":[{"start":{"line":39,"column":-1},"end":{"line":45,"column":16}}]},"5":{"type":"branch","line":45,"loc":{"start":{"line":45,"column":16},"end":{"line":60,"column":1}},"locations":[{"start":{"line":45,"column":16},"end":{"line":60,"column":1}}]}},"b":{"0":[4],"1":[1],"2":[3],"3":[1],"4":[2],"5":[1]},"fnMap":{"0":{"name":"createCartUseCase","decl":{"start":{"line":20,"column":33},"end":{"line":60,"column":1}},"loc":{"start":{"line":20,"column":33},"end":{"line":60,"column":1}},"line":20}},"f":{"0":4}}
,"/home/runner/work/ecommerce-api/ecommerce-api/src/domain/cart/application/use-cases/edit-cart-use-case.ts": {"path":"/home/runner/work/ecommerce-api/ecommerce-api/src/domain/cart/application/use-cases/edit-cart-use-case.ts","all":false,"statementMap":{"0":{"start":{"line":1,"column":0},"end":{"line":1,"column":65}},"1":{"start":{"line":2,"column":0},"end":{"line":2,"column":68}},"2":{"start":{"line":3,"column":0},"end":{"line":3,"column":0}},"3":{"start":{"line":4,"column":0},"end":{"line":4,"column":87}},"4":{"start":{"line":5,"column":0},"end":{"line":5,"column":96}},"5":{"start":{"line":6,"column":0},"end":{"line":6,"column":0}},"6":{"start":{"line":7,"column":0},"end":{"line":7,"column":39}},"7":{"start":{"line":8,"column":0},"end":{"line":8,"column":0}},"8":{"start":{"line":9,"column":0},"end":{"line":9,"column":32}},"9":{"start":{"line":10,"column":0},"end":{"line":10,"column":16}},"10":{"start":{"line":11,"column":0},"end":{"line":11,"column":20}},"11":{"start":{"line":12,"column":0},"end":{"line":12,"column":18}},"12":{"start":{"line":13,"column":0},"end":{"line":13,"column":1}},"13":{"start":{"line":14,"column":0},"end":{"line":14,"column":0}},"14":{"start":{"line":15,"column":0},"end":{"line":15,"column":39}},"15":{"start":{"line":16,"column":0},"end":{"line":16,"column":16}},"16":{"start":{"line":17,"column":0},"end":{"line":17,"column":32}},"17":{"start":{"line":18,"column":0},"end":{"line":18,"column":38}},"18":{"start":{"line":19,"column":0},"end":{"line":19,"column":1}},"19":{"start":{"line":20,"column":0},"end":{"line":20,"column":0}},"20":{"start":{"line":21,"column":0},"end":{"line":21,"column":38}},"21":{"start":{"line":22,"column":0},"end":{"line":22,"column":30}},"22":{"start":{"line":23,"column":0},"end":{"line":23,"column":76}},"23":{"start":{"line":24,"column":0},"end":{"line":24,"column":6}},"24":{"start":{"line":25,"column":0},"end":{"line":25,"column":66}},"25":{"start":{"line":26,"column":0},"end":{"line":26,"column":0}},"26":{"start":{"line":27,"column":0},"end":{"line":27,"column":14}},"27":{"start":{"line":28,"column":0},"end":{"line":28,"column":59}},"28":{"start":{"line":29,"column":0},"end":{"line":29,"column":45}},"29":{"start":{"line":30,"column":0},"end":{"line":30,"column":3}},"30":{"start":{"line":31,"column":0},"end":{"line":31,"column":0}},"31":{"start":{"line":32,"column":0},"end":{"line":32,"column":72}},"32":{"start":{"line":33,"column":0},"end":{"line":33,"column":0}},"33":{"start":{"line":34,"column":0},"end":{"line":34,"column":18}},"34":{"start":{"line":35,"column":0},"end":{"line":35,"column":72}},"35":{"start":{"line":36,"column":0},"end":{"line":36,"column":50}},"36":{"start":{"line":37,"column":0},"end":{"line":37,"column":3}},"37":{"start":{"line":38,"column":0},"end":{"line":38,"column":0}},"38":{"start":{"line":39,"column":0},"end":{"line":39,"column":70}},"39":{"start":{"line":40,"column":0},"end":{"line":40,"column":0}},"40":{"start":{"line":41,"column":0},"end":{"line":41,"column":17}},"41":{"start":{"line":42,"column":0},"end":{"line":42,"column":72}},"42":{"start":{"line":43,"column":0},"end":{"line":43,"column":48}},"43":{"start":{"line":44,"column":0},"end":{"line":44,"column":3}},"44":{"start":{"line":45,"column":0},"end":{"line":45,"column":0}},"45":{"start":{"line":46,"column":0},"end":{"line":46,"column":39}},"46":{"start":{"line":47,"column":0},"end":{"line":47,"column":52}},"47":{"start":{"line":48,"column":0},"end":{"line":48,"column":36}},"48":{"start":{"line":49,"column":0},"end":{"line":49,"column":40}},"49":{"start":{"line":50,"column":0},"end":{"line":50,"column":36}},"50":{"start":{"line":51,"column":0},"end":{"line":51,"column":6}},"51":{"start":{"line":52,"column":0},"end":{"line":52,"column":63}},"52":{"start":{"line":53,"column":0},"end":{"line":53,"column":3}},"53":{"start":{"line":54,"column":0},"end":{"line":54,"column":0}},"54":{"start":{"line":55,"column":0},"end":{"line":55,"column":28}},"55":{"start":{"line":56,"column":0},"end":{"line":56,"column":96}},"56":{"start":{"line":57,"column":0},"end":{"line":57,"column":81}},"57":{"start":{"line":58,"column":0},"end":{"line":58,"column":0}},"58":{"start":{"line":59,"column":0},"end":{"line":59,"column":51}},"59":{"start":{"line":60,"column":0},"end":{"line":60,"column":27}},"60":{"start":{"line":61,"column":0},"end":{"line":61,"column":22}},"61":{"start":{"line":62,"column":0},"end":{"line":62,"column":37}},"62":{"start":{"line":63,"column":0},"end":{"line":63,"column":43}},"63":{"start":{"line":64,"column":0},"end":{"line":64,"column":6}},"64":{"start":{"line":65,"column":0},"end":{"line":65,"column":0}},"65":{"start":{"line":66,"column":0},"end":{"line":66,"column":15}},"66":{"start":{"line":67,"column":0},"end":{"line":67,"column":3}},"67":{"start":{"line":68,"column":0},"end":{"line":68,"column":0}},"68":{"start":{"line":69,"column":0},"end":{"line":69,"column":63}},"69":{"start":{"line":70,"column":0},"end":{"line":70,"column":33}},"70":{"start":{"line":71,"column":0},"end":{"line":71,"column":29}},"71":{"start":{"line":72,"column":0},"end":{"line":72,"column":4}},"72":{"start":{"line":73,"column":0},"end":{"line":73,"column":0}},"73":{"start":{"line":74,"column":0},"end":{"line":74,"column":44}},"74":{"start":{"line":75,"column":0},"end":{"line":75,"column":25}},"75":{"start":{"line":76,"column":0},"end":{"line":76,"column":31}},"76":{"start":{"line":77,"column":0},"end":{"line":77,"column":35}},"77":{"start":{"line":78,"column":0},"end":{"line":78,"column":41}},"78":{"start":{"line":79,"column":0},"end":{"line":79,"column":42}},"79":{"start":{"line":80,"column":0},"end":{"line":80,"column":4}},"80":{"start":{"line":81,"column":0},"end":{"line":81,"column":0}},"81":{"start":{"line":82,"column":0},"end":{"line":82,"column":24}},"82":{"start":{"line":83,"column":0},"end":{"line":83,"column":1}}},"s":{"0":1,"1":1,"2":1,"3":1,"4":1,"5":1,"6":1,"7":1,"8":1,"9":1,"10":1,"11":1,"12":1,"13":1,"14":1,"15":1,"16":1,"17":1,"18":1,"19":1,"20":1,"21":7,"22":7,"23":7,"24":7,"25":7,"26":7,"27":1,"28":1,"29":1,"30":6,"31":6,"32":6,"33":7,"34":1,"35":1,"36":1,"37":5,"38":5,"39":5,"40":7,"41":1,"42":1,"43":1,"44":4,"45":7,"46":1,"47":1,"48":1,"49":1,"50":1,"51":1,"52":1,"53":3,"54":7,"55":2,"56":2,"57":2,"58":2,"59":2,"60":2,"61":2,"62":2,"63":2,"64":2,"65":2,"66":2,"67":1,"68":1,"69":1,"70":1,"71":1,"72":1,"73":1,"74":1,"75":1,"76":1,"77":1,"78":1,"79":1,"80":1,"81":1,"82":1},"branchMap":{"0":{"type":"branch","line":21,"loc":{"start":{"line":21,"column":31},"end":{"line":83,"column":1}},"locations":[{"start":{"line":21,"column":31},"end":{"line":83,"column":1}}]},"1":{"type":"branch","line":27,"loc":{"start":{"line":27,"column":13},"end":{"line":30,"column":3}},"locations":[{"start":{"line":27,"column":13},"end":{"line":30,"column":3}}]},"2":{"type":"branch","line":31,"loc":{"start":{"line":31,"column":-1},"end":{"line":34,"column":17}},"locations":[{"start":{"line":31,"column":-1},"end":{"line":34,"column":17}}]},"3":{"type":"branch","line":34,"loc":{"start":{"line":34,"column":17},"end":{"line":37,"column":3}},"locations":[{"start":{"line":34,"column":17},"end":{"line":37,"column":3}}]},"4":{"type":"branch","line":38,"loc":{"start":{"line":38,"column":-1},"end":{"line":41,"column":16}},"locations":[{"start":{"line":38,"column":-1},"end":{"line":41,"column":16}}]},"5":{"type":"branch","line":41,"loc":{"start":{"line":41,"column":16},"end":{"line":44,"column":3}},"locations":[{"start":{"line":41,"column":16},"end":{"line":44,"column":3}}]},"6":{"type":"branch","line":45,"loc":{"start":{"line":45,"column":-1},"end":{"line":46,"column":38}},"locations":[{"start":{"line":45,"column":-1},"end":{"line":46,"column":38}}]},"7":{"type":"branch","line":46,"loc":{"start":{"line":46,"column":38},"end":{"line":53,"column":3}},"locations":[{"start":{"line":46,"column":38},"end":{"line":53,"column":3}}]},"8":{"type":"branch","line":54,"loc":{"start":{"line":54,"column":-1},"end":{"line":55,"column":27}},"locations":[{"start":{"line":54,"column":-1},"end":{"line":55,"column":27}}]},"9":{"type":"branch","line":55,"loc":{"start":{"line":55,"column":27},"end":{"line":67,"column":3}},"locations":[{"start":{"line":55,"column":27},"end":{"line":67,"column":3}}]},"10":{"type":"branch","line":68,"loc":{"start":{"line":68,"column":-1},"end":{"line":83,"column":1}},"locations":[{"start":{"line":68,"column":-1},"end":{"line":83,"column":1}}]},"11":{"type":"branch","line":32,"loc":{"start":{"line":32,"column":35},"end":{"line":32,"column":71}},"locations":[{"start":{"line":32,"column":35},"end":{"line":32,"column":71}}]}},"b":{"0":[7],"1":[1],"2":[6],"3":[1],"4":[5],"5":[1],"6":[4],"7":[1],"8":[3],"9":[2],"10":[1],"11":[7]},"fnMap":{"0":{"name":"editCartUseCase","decl":{"start":{"line":21,"column":31},"end":{"line":83,"column":1}},"loc":{"start":{"line":21,"column":31},"end":{"line":83,"column":1}},"line":21}},"f":{"0":7}}
,"/home/runner/work/ecommerce-api/ecommerce-api/src/domain/cart/application/use-cases/get-cart-use-case.ts": {"path":"/home/runner/work/ecommerce-api/ecommerce-api/src/domain/cart/application/use-cases/get-cart-use-case.ts","all":false,"statementMap":{"0":{"start":{"line":1,"column":0},"end":{"line":1,"column":65}},"1":{"start":{"line":2,"column":0},"end":{"line":2,"column":0}},"2":{"start":{"line":3,"column":0},"end":{"line":3,"column":87}},"3":{"start":{"line":4,"column":0},"end":{"line":4,"column":0}},"4":{"start":{"line":5,"column":0},"end":{"line":5,"column":39}},"5":{"start":{"line":6,"column":0},"end":{"line":6,"column":0}},"6":{"start":{"line":7,"column":0},"end":{"line":7,"column":38}},"7":{"start":{"line":8,"column":0},"end":{"line":8,"column":16}},"8":{"start":{"line":9,"column":0},"end":{"line":9,"column":32}},"9":{"start":{"line":10,"column":0},"end":{"line":10,"column":1}},"10":{"start":{"line":11,"column":0},"end":{"line":11,"column":0}},"11":{"start":{"line":12,"column":0},"end":{"line":12,"column":113}},"12":{"start":{"line":13,"column":0},"end":{"line":13,"column":60}},"13":{"start":{"line":14,"column":0},"end":{"line":14,"column":0}},"14":{"start":{"line":15,"column":0},"end":{"line":15,"column":14}},"15":{"start":{"line":16,"column":0},"end":{"line":16,"column":45}},"16":{"start":{"line":17,"column":0},"end":{"line":17,"column":45}},"17":{"start":{"line":18,"column":0},"end":{"line":18,"column":3}},"18":{"start":{"line":19,"column":0},"end":{"line":19,"column":0}},"19":{"start":{"line":20,"column":0},"end":{"line":20,"column":73}},"20":{"start":{"line":21,"column":0},"end":{"line":21,"column":0}},"21":{"start":{"line":22,"column":0},"end":{"line":22,"column":13}},"22":{"start":{"line":23,"column":0},"end":{"line":23,"column":1}}},"s":{"0":1,"1":1,"2":1,"3":1,"4":1,"5":1,"6":1,"7":1,"8":1,"9":1,"10":1,"11":1,"12":2,"13":2,"14":2,"15":1,"16":1,"17":1,"18":1,"19":1,"20":1,"21":1,"22":1},"branchMap":{"0":{"type":"branch","line":12,"loc":{"start":{"line":12,"column":30},"end":{"line":23,"column":1}},"locations":[{"start":{"line":12,"column":30},"end":{"line":23,"column":1}}]},"1":{"type":"branch","line":15,"loc":{"start":{"line":15,"column":13},"end":{"line":23,"column":1}},"locations":[{"start":{"line":15,"column":13},"end":{"line":23,"column":1}}]}},"b":{"0":[2],"1":[1]},"fnMap":{"0":{"name":"getCartUseCase","decl":{"start":{"line":12,"column":30},"end":{"line":23,"column":1}},"loc":{"start":{"line":12,"column":30},"end":{"line":23,"column":1}},"line":12}},"f":{"0":2}}
,"/home/runner/work/ecommerce-api/ecommerce-api/src/domain/catalog/application/use-cases/get-product-by-id-use-case.ts": {"path":"/home/runner/work/ecommerce-api/ecommerce-api/src/domain/catalog/application/use-cases/get-product-by-id-use-case.ts","all":false,"statementMap":{"0":{"start":{"line":1,"column":0},"end":{"line":1,"column":65}},"1":{"start":{"line":2,"column":0},"end":{"line":2,"column":0}},"2":{"start":{"line":3,"column":0},"end":{"line":3,"column":59}},"3":{"start":{"line":4,"column":0},"end":{"line":4,"column":0}},"4":{"start":{"line":5,"column":0},"end":{"line":5,"column":96}},"5":{"start":{"line":6,"column":0},"end":{"line":6,"column":0}},"6":{"start":{"line":7,"column":0},"end":{"line":7,"column":39}},"7":{"start":{"line":8,"column":0},"end":{"line":8,"column":0}},"8":{"start":{"line":9,"column":0},"end":{"line":9,"column":45}},"9":{"start":{"line":10,"column":0},"end":{"line":10,"column":16}},"10":{"start":{"line":11,"column":0},"end":{"line":11,"column":38}},"11":{"start":{"line":12,"column":0},"end":{"line":12,"column":1}},"12":{"start":{"line":13,"column":0},"end":{"line":13,"column":0}},"13":{"start":{"line":14,"column":0},"end":{"line":14,"column":44}},"14":{"start":{"line":15,"column":0},"end":{"line":15,"column":27}},"15":{"start":{"line":16,"column":0},"end":{"line":16,"column":66}},"16":{"start":{"line":17,"column":0},"end":{"line":17,"column":6}},"17":{"start":{"line":18,"column":0},"end":{"line":18,"column":61}},"18":{"start":{"line":19,"column":0},"end":{"line":19,"column":0}},"19":{"start":{"line":20,"column":0},"end":{"line":20,"column":17}},"20":{"start":{"line":21,"column":0},"end":{"line":21,"column":51}},"21":{"start":{"line":22,"column":0},"end":{"line":22,"column":48}},"22":{"start":{"line":23,"column":0},"end":{"line":23,"column":3}},"23":{"start":{"line":24,"column":0},"end":{"line":24,"column":0}},"24":{"start":{"line":25,"column":0},"end":{"line":25,"column":16}},"25":{"start":{"line":26,"column":0},"end":{"line":26,"column":1}}},"s":{"0":1,"1":1,"2":1,"3":1,"4":1,"5":1,"6":1,"7":1,"8":1,"9":1,"10":1,"11":1,"12":1,"13":1,"14":2,"15":2,"16":2,"17":2,"18":2,"19":2,"20":1,"21":1,"22":1,"23":1,"24":1,"25":1},"branchMap":{"0":{"type":"branch","line":14,"loc":{"start":{"line":14,"column":37},"end":{"line":26,"column":1}},"locations":[{"start":{"line":14,"column":37},"end":{"line":26,"column":1}}]},"1":{"type":"branch","line":20,"loc":{"start":{"line":20,"column":16},"end":{"line":26,"column":1}},"locations":[{"start":{"line":20,"column":16},"end":{"line":26,"column":1}}]}},"b":{"0":[2],"1":[1]},"fnMap":{"0":{"name":"getProductByIdUseCase","decl":{"start":{"line":14,"column":37},"end":{"line":26,"column":1}},"loc":{"start":{"line":14,"column":37},"end":{"line":26,"column":1}},"line":14}},"f":{"0":2}}
,"/home/runner/work/ecommerce-api/ecommerce-api/src/domain/commons/errors/custom.ts": {"path":"/home/runner/work/ecommerce-api/ecommerce-api/src/domain/commons/errors/custom.ts","all":false,"statementMap":{"0":{"start":{"line":1,"column":0},"end":{"line":1,"column":49}},"1":{"start":{"line":2,"column":0},"end":{"line":2,"column":25}},"2":{"start":{"line":3,"column":0},"end":{"line":3,"column":32}},"3":{"start":{"line":4,"column":0},"end":{"line":4,"column":18}},"4":{"start":{"line":5,"column":0},"end":{"line":5,"column":37}},"5":{"start":{"line":6,"column":0},"end":{"line":6,"column":3}},"6":{"start":{"line":7,"column":0},"end":{"line":7,"column":1}}},"s":{"0":1,"1":1,"2":1,"3":7,"4":7,"5":7,"6":1},"branchMap":{"0":{"type":"branch","line":3,"loc":{"start":{"line":3,"column":2},"end":{"line":6,"column":3}},"locations":[{"start":{"line":3,"column":2},"end":{"line":6,"column":3}}]}},"b":{"0":[7]},"fnMap":{"0":{"name":"CustomError","decl":{"start":{"line":3,"column":2},"end":{"line":6,"column":3}},"loc":{"start":{"line":3,"column":2},"end":{"line":6,"column":3}},"line":3}},"f":{"0":7}}
,"/home/runner/work/ecommerce-api/ecommerce-api/src/domain/commons/errors/not-found.ts": {"path":"/home/runner/work/ecommerce-api/ecommerce-api/src/domain/commons/errors/not-found.ts","all":false,"statementMap":{"0":{"start":{"line":1,"column":0},"end":{"line":1,"column":38}},"1":{"start":{"line":2,"column":0},"end":{"line":2,"column":0}},"2":{"start":{"line":3,"column":0},"end":{"line":3,"column":48}},"3":{"start":{"line":4,"column":0},"end":{"line":4,"column":14}},"4":{"start":{"line":5,"column":0},"end":{"line":5,"column":0}},"5":{"start":{"line":6,"column":0},"end":{"line":6,"column":32}},"6":{"start":{"line":7,"column":0},"end":{"line":7,"column":18}},"7":{"start":{"line":8,"column":0},"end":{"line":8,"column":3}},"8":{"start":{"line":9,"column":0},"end":{"line":9,"column":1}}},"s":{"0":1,"1":1,"2":1,"3":1,"4":1,"5":1,"6":6,"7":6,"8":1},"branchMap":{"0":{"type":"branch","line":6,"loc":{"start":{"line":6,"column":2},"end":{"line":8,"column":3}},"locations":[{"start":{"line":6,"column":2},"end":{"line":8,"column":3}}]}},"b":{"0":[6]},"fnMap":{"0":{"name":"NotFoundError","decl":{"start":{"line":6,"column":2},"end":{"line":8,"column":3}},"loc":{"start":{"line":6,"column":2},"end":{"line":8,"column":3}},"line":6}},"f":{"0":6}}
,"/home/runner/work/ecommerce-api/ecommerce-api/src/domain/commons/errors/validation.ts": {"path":"/home/runner/work/ecommerce-api/ecommerce-api/src/domain/commons/errors/validation.ts","all":false,"statementMap":{"0":{"start":{"line":1,"column":0},"end":{"line":1,"column":38}},"1":{"start":{"line":2,"column":0},"end":{"line":2,"column":0}},"2":{"start":{"line":3,"column":0},"end":{"line":3,"column":50}},"3":{"start":{"line":4,"column":0},"end":{"line":4,"column":14}},"4":{"start":{"line":5,"column":0},"end":{"line":5,"column":0}},"5":{"start":{"line":6,"column":0},"end":{"line":6,"column":32}},"6":{"start":{"line":7,"column":0},"end":{"line":7,"column":18}},"7":{"start":{"line":8,"column":0},"end":{"line":8,"column":3}},"8":{"start":{"line":9,"column":0},"end":{"line":9,"column":1}}},"s":{"0":1,"1":1,"2":1,"3":1,"4":1,"5":1,"6":1,"7":1,"8":1},"branchMap":{"0":{"type":"branch","line":6,"loc":{"start":{"line":6,"column":2},"end":{"line":8,"column":3}},"locations":[{"start":{"line":6,"column":2},"end":{"line":8,"column":3}}]}},"b":{"0":[1]},"fnMap":{"0":{"name":"ValidationError","decl":{"start":{"line":6,"column":2},"end":{"line":8,"column":3}},"loc":{"start":{"line":6,"column":2},"end":{"line":8,"column":3}},"line":6}},"f":{"0":1}}
,"/home/runner/work/ecommerce-api/ecommerce-api/src/infra/fixtures/index.ts": {"path":"/home/runner/work/ecommerce-api/ecommerce-api/src/infra/fixtures/index.ts","all":false,"statementMap":{"0":{"start":{"line":1,"column":0},"end":{"line":1,"column":39}},"1":{"start":{"line":2,"column":0},"end":{"line":2,"column":31}},"2":{"start":{"line":3,"column":0},"end":{"line":3,"column":0}},"3":{"start":{"line":4,"column":0},"end":{"line":4,"column":50}},"4":{"start":{"line":5,"column":0},"end":{"line":5,"column":50}},"5":{"start":{"line":6,"column":0},"end":{"line":6,"column":59}},"6":{"start":{"line":7,"column":0},"end":{"line":7,"column":59}},"7":{"start":{"line":8,"column":0},"end":{"line":8,"column":0}},"8":{"start":{"line":9,"column":0},"end":{"line":9,"column":54}},"9":{"start":{"line":10,"column":0},"end":{"line":10,"column":32}},"10":{"start":{"line":11,"column":0},"end":{"line":11,"column":38}},"11":{"start":{"line":12,"column":0},"end":{"line":12,"column":44}},"12":{"start":{"line":13,"column":0},"end":{"line":13,"column":37}},"13":{"start":{"line":14,"column":0},"end":{"line":14,"column":39}},"14":{"start":{"line":15,"column":0},"end":{"line":15,"column":2}},"15":{"start":{"line":16,"column":0},"end":{"line":16,"column":0}},"16":{"start":{"line":17,"column":0},"end":{"line":17,"column":60}},"17":{"start":{"line":18,"column":0},"end":{"line":18,"column":32}},"18":{"start":{"line":19,"column":0},"end":{"line":19,"column":36}},"19":{"start":{"line":20,"column":0},"end":{"line":20,"column":43}},"20":{"start":{"line":21,"column":0},"end":{"line":21,"column":57}},"21":{"start":{"line":22,"column":0},"end":{"line":22,"column":70}},"22":{"start":{"line":23,"column":0},"end":{"line":23,"column":54}},"23":{"start":{"line":24,"column":0},"end":{"line":24,"column":78}},"24":{"start":{"line":25,"column":0},"end":{"line":25,"column":45}},"25":{"start":{"line":26,"column":0},"end":{"line":26,"column":45}},"26":{"start":{"line":27,"column":0},"end":{"line":27,"column":37}},"27":{"start":{"line":28,"column":0},"end":{"line":28,"column":39}},"28":{"start":{"line":29,"column":0},"end":{"line":29,"column":2}},"29":{"start":{"line":30,"column":0},"end":{"line":30,"column":0}},"30":{"start":{"line":31,"column":0},"end":{"line":31,"column":37}},"31":{"start":{"line":32,"column":0},"end":{"line":32,"column":0}},"32":{"start":{"line":33,"column":0},"end":{"line":33,"column":62}},"33":{"start":{"line":34,"column":0},"end":{"line":34,"column":32}},"34":{"start":{"line":35,"column":0},"end":{"line":35,"column":29}},"35":{"start":{"line":36,"column":0},"end":{"line":36,"column":43}},"36":{"start":{"line":37,"column":0},"end":{"line":37,"column":56}},"37":{"start":{"line":38,"column":0},"end":{"line":38,"column":57}},"38":{"start":{"line":39,"column":0},"end":{"line":39,"column":37}},"39":{"start":{"line":40,"column":0},"end":{"line":40,"column":39}},"40":{"start":{"line":41,"column":0},"end":{"line":41,"column":2}},"41":{"start":{"line":42,"column":0},"end":{"line":42,"column":0}},"42":{"start":{"line":43,"column":0},"end":{"line":43,"column":54}},"43":{"start":{"line":44,"column":0},"end":{"line":44,"column":32}},"44":{"start":{"line":45,"column":0},"end":{"line":45,"column":36}},"45":{"start":{"line":46,"column":0},"end":{"line":46,"column":44}},"46":{"start":{"line":47,"column":0},"end":{"line":47,"column":37}},"47":{"start":{"line":48,"column":0},"end":{"line":48,"column":39}},"48":{"start":{"line":49,"column":0},"end":{"line":49,"column":2}}},"s":{"0":1,"1":1,"2":1,"3":1,"4":1,"5":1,"6":1,"7":1,"8":1,"9":1,"10":1,"11":1,"12":1,"13":1,"14":1,"15":1,"16":1,"17":1,"18":1,"19":1,"20":1,"21":1,"22":1,"23":1,"24":1,"25":1,"26":1,"27":1,"28":1,"29":1,"30":1,"31":1,"32":1,"33":1,"34":1,"35":1,"36":1,"37":1,"38":1,"39":1,"40":1,"41":1,"42":1,"43":1,"44":1,"45":1,"46":1,"47":1,"48":1},"branchMap":{"0":{"type":"branch","line":10,"loc":{"start":{"line":10,"column":6},"end":{"line":10,"column":31}},"locations":[{"start":{"line":10,"column":6},"end":{"line":10,"column":31}}]},"1":{"type":"branch","line":11,"loc":{"start":{"line":11,"column":9},"end":{"line":11,"column":37}},"locations":[{"start":{"line":11,"column":9},"end":{"line":11,"column":37}}]},"2":{"type":"branch","line":12,"loc":{"start":{"line":12,"column":12},"end":{"line":12,"column":43}},"locations":[{"start":{"line":12,"column":12},"end":{"line":12,"column":43}}]},"3":{"type":"branch","line":13,"loc":{"start":{"line":13,"column":13},"end":{"line":13,"column":36}},"locations":[{"start":{"line":13,"column":13},"end":{"line":13,"column":36}}]},"4":{"type":"branch","line":14,"loc":{"start":{"line":14,"column":13},"end":{"line":14,"column":38}},"locations":[{"start":{"line":14,"column":13},"end":{"line":14,"column":38}}]},"5":{"type":"branch","line":18,"loc":{"start":{"line":18,"column":6},"end":{"line":18,"column":31}},"locations":[{"start":{"line":18,"column":6},"end":{"line":18,"column":31}}]},"6":{"type":"branch","line":19,"loc":{"start":{"line":19,"column":12},"end":{"line":19,"column":35}},"locations":[{"start":{"line":19,"column":12},"end":{"line":19,"column":35}}]},"7":{"type":"branch","line":20,"loc":{"start":{"line":20,"column":8},"end":{"line":20,"column":42}},"locations":[{"start":{"line":20,"column":8},"end":{"line":20,"column":42}}]},"8":{"type":"branch","line":21,"loc":{"start":{"line":21,"column":15},"end":{"line":21,"column":56}},"locations":[{"start":{"line":21,"column":15},"end":{"line":21,"column":56}}]},"9":{"type":"branch","line":22,"loc":{"start":{"line":22,"column":9},"end":{"line":22,"column":69}},"locations":[{"start":{"line":22,"column":9},"end":{"line":22,"column":69}}]},"10":{"type":"branch","line":23,"loc":{"start":{"line":23,"column":9},"end":{"line":23,"column":53}},"locations":[{"start":{"line":23,"column":9},"end":{"line":23,"column":53}}]},"11":{"type":"branch","line":24,"loc":{"start":{"line":24,"column":20},"end":{"line":24,"column":77}},"locations":[{"start":{"line":24,"column":20},"end":{"line":24,"column":77}}]},"12":{"type":"branch","line":25,"loc":{"start":{"line":25,"column":21},"end":{"line":25,"column":44}},"locations":[{"start":{"line":25,"column":21},"end":{"line":25,"column":44}}]},"13":{"type":"branch","line":26,"loc":{"start":{"line":26,"column":19},"end":{"line":26,"column":44}},"locations":[{"start":{"line":26,"column":19},"end":{"line":26,"column":44}}]},"14":{"type":"branch","line":27,"loc":{"start":{"line":27,"column":13},"end":{"line":27,"column":36}},"locations":[{"start":{"line":27,"column":13},"end":{"line":27,"column":36}}]},"15":{"type":"branch","line":28,"loc":{"start":{"line":28,"column":13},"end":{"line":28,"column":38}},"locations":[{"start":{"line":28,"column":13},"end":{"line":28,"column":38}}]},"16":{"type":"branch","line":34,"loc":{"start":{"line":34,"column":6},"end":{"line":34,"column":31}},"locations":[{"start":{"line":34,"column":6},"end":{"line":34,"column":31}}]},"17":{"type":"branch","line":35,"loc":{"start":{"line":35,"column":13},"end":{"line":35,"column":28}},"locations":[{"start":{"line":35,"column":13},"end":{"line":35,"column":28}}]},"18":{"type":"branch","line":36,"loc":{"start":{"line":36,"column":8},"end":{"line":36,"column":42}},"locations":[{"start":{"line":36,"column":8},"end":{"line":36,"column":42}}]},"19":{"type":"branch","line":37,"loc":{"start":{"line":37,"column":12},"end":{"line":37,"column":55}},"locations":[{"start":{"line":37,"column":12},"end":{"line":37,"column":55}}]},"20":{"type":"branch","line":38,"loc":{"start":{"line":38,"column":11},"end":{"line":38,"column":56}},"locations":[{"start":{"line":38,"column":11},"end":{"line":38,"column":56}}]},"21":{"type":"branch","line":39,"loc":{"start":{"line":39,"column":13},"end":{"line":39,"column":36}},"locations":[{"start":{"line":39,"column":13},"end":{"line":39,"column":36}}]},"22":{"type":"branch","line":40,"loc":{"start":{"line":40,"column":13},"end":{"line":40,"column":38}},"locations":[{"start":{"line":40,"column":13},"end":{"line":40,"column":38}}]},"23":{"type":"branch","line":44,"loc":{"start":{"line":44,"column":6},"end":{"line":44,"column":31}},"locations":[{"start":{"line":44,"column":6},"end":{"line":44,"column":31}}]},"24":{"type":"branch","line":47,"loc":{"start":{"line":47,"column":13},"end":{"line":47,"column":36}},"locations":[{"start":{"line":47,"column":13},"end":{"line":47,"column":36}}]},"25":{"type":"branch","line":48,"loc":{"start":{"line":48,"column":13},"end":{"line":48,"column":38}},"locations":[{"start":{"line":48,"column":13},"end":{"line":48,"column":38}}]}},"b":{"0":[19],"1":[19],"2":[19],"3":[19],"4":[19],"5":[4],"6":[26],"7":[26],"8":[26],"9":[26],"10":[21],"11":[26],"12":[26],"13":[26],"14":[26],"15":[26],"16":[18],"17":[16],"18":[18],"19":[17],"20":[18],"21":[18],"22":[18],"23":[7],"24":[7],"25":[7]},"fnMap":{"0":{"name":"id","decl":{"start":{"line":10,"column":6},"end":{"line":10,"column":31}},"loc":{"start":{"line":10,"column":6},"end":{"line":10,"column":31}},"line":10},"1":{"name":"email","decl":{"start":{"line":11,"column":9},"end":{"line":11,"column":37}},"loc":{"start":{"line":11,"column":9},"end":{"line":11,"column":37}},"line":11},"2":{"name":"password","decl":{"start":{"line":12,"column":12},"end":{"line":12,"column":43}},"loc":{"start":{"line":12,"column":12},"end":{"line":12,"column":43}},"line":12},"3":{"name":"createdAt","decl":{"start":{"line":13,"column":13},"end":{"line":13,"column":36}},"loc":{"start":{"line":13,"column":13},"end":{"line":13,"column":36}},"line":13},"4":{"name":"updatedAt","decl":{"start":{"line":14,"column":13},"end":{"line":14,"column":38}},"loc":{"start":{"line":14,"column":13},"end":{"line":14,"column":38}},"line":14},"5":{"name":"id","decl":{"start":{"line":18,"column":6},"end":{"line":18,"column":31}},"loc":{"start":{"line":18,"column":6},"end":{"line":18,"column":31}},"line":18},"6":{"name":"imageUrl","decl":{"start":{"line":19,"column":12},"end":{"line":19,"column":35}},"loc":{"start":{"line":19,"column":12},"end":{"line":19,"column":35}},"line":19},"7":{"name":"name","decl":{"start":{"line":20,"column":8},"end":{"line":20,"column":42}},"loc":{"start":{"line":20,"column":8},"end":{"line":20,"column":42}},"line":20},"8":{"name":"description","decl":{"start":{"line":21,"column":15},"end":{"line":21,"column":56}},"loc":{"start":{"line":21,"column":15},"end":{"line":21,"column":56}},"line":21},"9":{"name":"price","decl":{"start":{"line":22,"column":9},"end":{"line":22,"column":69}},"loc":{"start":{"line":22,"column":9},"end":{"line":22,"column":69}},"line":22},"10":{"name":"stock","decl":{"start":{"line":23,"column":9},"end":{"line":23,"column":53}},"loc":{"start":{"line":23,"column":9},"end":{"line":23,"column":53}},"line":23},"11":{"name":"promotionalPrice","decl":{"start":{"line":24,"column":20},"end":{"line":24,"column":77}},"loc":{"start":{"line":24,"column":20},"end":{"line":24,"column":77}},"line":24},"12":{"name":"promotionStartsAt","decl":{"start":{"line":25,"column":21},"end":{"line":25,"column":44}},"loc":{"start":{"line":25,"column":21},"end":{"line":25,"column":44}},"line":25},"13":{"name":"promotionEndsAt","decl":{"start":{"line":26,"column":19},"end":{"line":26,"column":44}},"loc":{"start":{"line":26,"column":19},"end":{"line":26,"column":44}},"line":26},"14":{"name":"createdAt","decl":{"start":{"line":27,"column":13},"end":{"line":27,"column":36}},"loc":{"start":{"line":27,"column":13},"end":{"line":27,"column":36}},"line":27},"15":{"name":"updatedAt","decl":{"start":{"line":28,"column":13},"end":{"line":28,"column":38}},"loc":{"start":{"line":28,"column":13},"end":{"line":28,"column":38}},"line":28},"16":{"name":"id","decl":{"start":{"line":34,"column":6},"end":{"line":34,"column":31}},"loc":{"start":{"line":34,"column":6},"end":{"line":34,"column":31}},"line":34},"17":{"name":"productId","decl":{"start":{"line":35,"column":13},"end":{"line":35,"column":28}},"loc":{"start":{"line":35,"column":13},"end":{"line":35,"column":28}},"line":35},"18":{"name":"name","decl":{"start":{"line":36,"column":8},"end":{"line":36,"column":42}},"loc":{"start":{"line":36,"column":8},"end":{"line":36,"column":42}},"line":36},"19":{"name":"quantity","decl":{"start":{"line":37,"column":12},"end":{"line":37,"column":55}},"loc":{"start":{"line":37,"column":12},"end":{"line":37,"column":55}},"line":37},"20":{"name":"product","decl":{"start":{"line":38,"column":11},"end":{"line":38,"column":56}},"loc":{"start":{"line":38,"column":11},"end":{"line":38,"column":56}},"line":38},"21":{"name":"createdAt","decl":{"start":{"line":39,"column":13},"end":{"line":39,"column":36}},"loc":{"start":{"line":39,"column":13},"end":{"line":39,"column":36}},"line":39},"22":{"name":"updatedAt","decl":{"start":{"line":40,"column":13},"end":{"line":40,"column":38}},"loc":{"start":{"line":40,"column":13},"end":{"line":40,"column":38}},"line":40},"23":{"name":"id","decl":{"start":{"line":44,"column":6},"end":{"line":44,"column":31}},"loc":{"start":{"line":44,"column":6},"end":{"line":44,"column":31}},"line":44},"24":{"name":"userId","decl":{"start":{"line":45,"column":10},"end":{"line":45,"column":35}},"loc":{"start":{"line":45,"column":10},"end":{"line":45,"column":35}},"line":45},"25":{"name":"items","decl":{"start":{"line":46,"column":9},"end":{"line":46,"column":43}},"loc":{"start":{"line":46,"column":9},"end":{"line":46,"column":43}},"line":46},"26":{"name":"createdAt","decl":{"start":{"line":47,"column":13},"end":{"line":47,"column":36}},"loc":{"start":{"line":47,"column":13},"end":{"line":47,"column":36}},"line":47},"27":{"name":"updatedAt","decl":{"start":{"line":48,"column":13},"end":{"line":48,"column":38}},"loc":{"start":{"line":48,"column":13},"end":{"line":48,"column":38}},"line":48}},"f":{"0":19,"1":19,"2":19,"3":19,"4":19,"5":4,"6":26,"7":26,"8":26,"9":26,"10":21,"11":26,"12":26,"13":26,"14":26,"15":26,"16":18,"17":16,"18":18,"19":17,"20":18,"21":18,"22":18,"23":7,"24":0,"25":0,"26":7,"27":7}}
}
