TN:
SF:src/domain/auth/application/use-cases/login-use-case.ts
FN:19,loginUseCase
FNF:1
FNH:1
FNDA:3,loginUseCase
DA:1,1
DA:2,1
DA:3,1
DA:4,1
DA:5,1
DA:6,1
DA:7,1
DA:8,1
DA:9,1
DA:10,1
DA:11,1
DA:12,1
DA:13,1
DA:14,1
DA:15,1
DA:16,1
DA:17,1
DA:18,1
DA:19,1
DA:20,3
DA:21,3
DA:22,3
DA:23,3
DA:24,3
DA:25,3
DA:26,3
DA:27,3
DA:28,3
DA:29,1
DA:30,1
DA:31,1
DA:32,2
DA:33,2
DA:34,2
DA:35,3
DA:36,1
DA:37,1
DA:38,1
DA:39,1
DA:40,1
DA:41,1
DA:42,1
DA:43,1
DA:44,1
DA:45,3
DA:46,2
DA:47,2
DA:48,2
DA:49,3
LF:49
LH:49
BRDA:19,0,0,3
BRDA:28,1,0,1
BRDA:32,2,0,2
BRDA:35,3,0,1
BRDA:45,4,0,2
BRF:5
BRH:5
end_of_record
TN:
SF:src/domain/auth/application/use-cases/register-use-case.ts
FN:17,registerUseCase
FNF:1
FNH:1
FNDA:3,registerUseCase
DA:1,1
DA:2,1
DA:3,1
DA:4,1
DA:5,1
DA:6,1
DA:7,1
DA:8,1
DA:9,1
DA:10,1
DA:11,1
DA:12,1
DA:13,1
DA:14,1
DA:15,1
DA:16,1
DA:17,1
DA:18,3
DA:19,3
DA:20,3
DA:21,3
DA:22,3
DA:23,3
DA:24,3
DA:25,3
DA:26,3
DA:27,1
DA:28,1
DA:29,1
DA:30,2
DA:31,2
DA:32,2
DA:33,2
DA:34,2
DA:35,2
DA:36,2
DA:37,2
DA:38,2
DA:39,2
DA:40,2
DA:41,2
DA:42,3
DA:43,1
DA:44,1
DA:45,1
DA:46,3
LF:46
LH:46
BRDA:17,0,0,3
BRDA:26,1,0,1
BRDA:30,2,0,2
BRDA:42,3,0,1
BRF:4
BRH:4
end_of_record
TN:
SF:src/domain/cart/application/use-cases/create-cart-use-case.ts
FN:18,createCartUseCase
FNF:1
FNH:1
FNDA:4,createCartUseCase
DA:1,1
DA:2,1
DA:3,1
DA:4,1
DA:5,1
DA:6,1
DA:7,1
DA:8,1
DA:9,1
DA:10,1
DA:11,1
DA:12,1
DA:13,1
DA:14,1
DA:15,1
DA:16,1
DA:17,1
DA:18,1
DA:19,4
DA:20,4
DA:21,4
DA:22,1
DA:23,1
DA:24,1
DA:25,3
DA:26,4
DA:27,1
DA:28,1
DA:29,1
DA:30,2
DA:31,2
DA:32,2
DA:33,4
DA:34,1
DA:35,1
DA:36,1
DA:37,1
DA:38,1
DA:39,1
DA:40,1
DA:41,1
DA:42,1
DA:43,1
DA:44,1
DA:45,1
DA:46,1
DA:47,1
DA:48,1
LF:48
LH:48
BRDA:18,0,0,4
BRDA:21,1,0,1
BRDA:25,2,0,3
BRDA:26,3,0,1
BRDA:30,4,0,2
BRDA:33,5,0,1
BRF:6
BRH:6
end_of_record
TN:
SF:src/domain/catalog/application/use-cases/get-product-by-id-use-case.ts
FN:14,getProductByIdUseCase
FNF:1
FNH:1
FNDA:2,getProductByIdUseCase
DA:1,1
DA:2,1
DA:3,1
DA:4,1
DA:5,1
DA:6,1
DA:7,1
DA:8,1
DA:9,1
DA:10,1
DA:11,1
DA:12,1
DA:13,1
DA:14,1
DA:15,2
DA:16,2
DA:17,2
DA:18,2
DA:19,2
DA:20,2
DA:21,1
DA:22,1
DA:23,1
DA:24,1
DA:25,1
DA:26,1
LF:26
LH:26
BRDA:14,0,0,2
BRDA:20,1,0,1
BRF:2
BRH:2
end_of_record
TN:
SF:src/domain/commons/errors/custom.ts
FN:3,CustomError
FNF:1
FNH:1
FNDA:2,CustomError
DA:1,1
DA:2,1
DA:3,1
DA:4,2
DA:5,2
DA:6,2
DA:7,1
LF:7
LH:7
BRDA:3,0,0,2
BRF:1
BRH:1
end_of_record
TN:
SF:src/domain/commons/errors/not-found.ts
FN:6,NotFoundError
FNF:1
FNH:1
FNDA:2,NotFoundError
DA:1,1
DA:2,1
DA:3,1
DA:4,1
DA:5,1
DA:6,1
DA:7,2
DA:8,2
DA:9,1
LF:9
LH:9
BRDA:6,0,0,2
BRF:1
BRH:1
end_of_record
TN:
SF:src/infra/fixtures/index.ts
FN:9,id
FN:10,email
FN:11,password
FN:12,createdAt
FN:13,updatedAt
FN:17,id
FN:18,imageUrl
FN:19,name
FN:20,description
FN:21,price
FN:22,stock
FN:23,promotionalPrice
FN:24,promotionStartsAt
FN:25,promotionEndsAt
FN:26,createdAt
FN:27,updatedAt
FN:31,id
FN:32,productId
FN:33,name
FN:34,quantity
FN:35,price
FN:36,createdAt
FN:37,updatedAt
FNF:23
FNH:23
FNDA:10,id
FNDA:10,email
FNDA:10,password
FNDA:10,createdAt
FNDA:10,updatedAt
FNDA:4,id
FNDA:4,imageUrl
FNDA:4,name
FNDA:4,description
FNDA:4,price
FNDA:3,stock
FNDA:4,promotionalPrice
FNDA:4,promotionStartsAt
FNDA:4,promotionEndsAt
FNDA:4,createdAt
FNDA:4,updatedAt
FNDA:4,id
FNDA:2,productId
FNDA:4,name
FNDA:4,quantity
FNDA:4,price
FNDA:4,createdAt
FNDA:4,updatedAt
DA:1,1
DA:2,1
DA:3,1
DA:4,1
DA:5,1
DA:6,1
DA:7,1
DA:8,1
DA:9,1
DA:10,1
DA:11,1
DA:12,1
DA:13,1
DA:14,1
DA:15,1
DA:16,1
DA:17,1
DA:18,1
DA:19,1
DA:20,1
DA:21,1
DA:22,1
DA:23,1
DA:24,1
DA:25,1
DA:26,1
DA:27,1
DA:28,1
DA:29,1
DA:30,1
DA:31,1
DA:32,1
DA:33,1
DA:34,1
DA:35,1
DA:36,1
DA:37,1
DA:38,1
LF:38
LH:38
BRDA:9,0,0,10
BRDA:10,1,0,10
BRDA:11,2,0,10
BRDA:12,3,0,10
BRDA:13,4,0,10
BRDA:17,5,0,4
BRDA:18,6,0,4
BRDA:19,7,0,4
BRDA:20,8,0,4
BRDA:21,9,0,4
BRDA:22,10,0,3
BRDA:23,11,0,4
BRDA:24,12,0,4
BRDA:25,13,0,4
BRDA:26,14,0,4
BRDA:27,15,0,4
BRDA:31,16,0,4
BRDA:32,17,0,2
BRDA:33,18,0,4
BRDA:34,19,0,4
BRDA:35,20,0,4
BRDA:36,21,0,4
BRDA:37,22,0,4
BRF:23
BRH:23
end_of_record
