TN:
SF:src/adapters/gateways/database/auth/mock-user-repository.ts
FN:5,create
FN:6,findByEmail
FNF:2
FNH:2
FNDA:2,create
FNDA:2,findByEmail
DA:1,1
DA:2,1
DA:3,1
DA:4,1
DA:5,1
DA:6,1
DA:7,1
DA:8,1
DA:9,1
DA:10,1
DA:11,1
LF:11
LH:11
BRDA:5,0,0,2
BRDA:6,1,0,2
BRF:2
BRH:2
end_of_record
TN:
SF:src/domain/auth/application/use-cases/login-use-case.ts
FN:18,loginUseCase
FNF:1
FNH:1
FNDA:3,loginUseCase
DA:1,1
DA:2,1
DA:3,1
DA:4,1
DA:5,1
DA:6,1
DA:7,1
DA:8,1
DA:9,1
DA:10,1
DA:11,1
DA:12,1
DA:13,1
DA:14,1
DA:15,1
DA:16,1
DA:17,1
DA:18,1
DA:19,3
DA:20,3
DA:21,3
DA:22,3
DA:23,3
DA:24,3
DA:25,1
DA:26,1
DA:27,1
DA:28,2
DA:29,2
DA:30,2
DA:31,3
DA:32,1
DA:33,1
DA:34,1
DA:35,1
DA:36,1
DA:37,1
DA:38,1
DA:39,1
DA:40,1
DA:41,3
DA:42,2
DA:43,2
DA:44,2
DA:45,3
LF:45
LH:45
BRDA:18,0,0,3
BRDA:24,1,0,1
BRDA:28,2,0,2
BRDA:31,3,0,1
BRDA:41,4,0,2
BRF:5
BRH:5
end_of_record
TN:
SF:src/domain/auth/application/use-cases/register-use-case.ts
FN:17,registerUseCase
FNF:1
FNH:1
FNDA:3,registerUseCase
DA:1,1
DA:2,1
DA:3,1
DA:4,1
DA:5,1
DA:6,1
DA:7,1
DA:8,1
DA:9,1
DA:10,1
DA:11,1
DA:12,1
DA:13,1
DA:14,1
DA:15,1
DA:16,1
DA:17,1
DA:18,3
DA:19,3
DA:20,3
DA:21,3
DA:22,3
DA:23,3
DA:24,3
DA:25,3
DA:26,3
DA:27,1
DA:28,1
DA:29,1
DA:30,2
DA:31,2
DA:32,2
DA:33,2
DA:34,2
DA:35,2
DA:36,2
DA:37,2
DA:38,2
DA:39,2
DA:40,2
DA:41,2
DA:42,3
DA:43,1
DA:44,1
DA:45,1
DA:46,3
LF:46
LH:46
BRDA:17,0,0,3
BRDA:26,1,0,1
BRDA:30,2,0,2
BRDA:42,3,0,1
BRF:4
BRH:4
end_of_record
TN:
SF:src/infra/fixtures/index.ts
FN:7,id
FN:8,email
FN:9,password
FN:10,createdAt
FN:11,updatedAt
FNF:5
FNH:5
FNDA:6,id
FNDA:6,email
FNDA:6,password
FNDA:6,createdAt
FNDA:6,updatedAt
DA:1,1
DA:2,1
DA:3,1
DA:4,1
DA:5,1
DA:6,1
DA:7,1
DA:8,1
DA:9,1
DA:10,1
DA:11,1
DA:12,1
LF:12
LH:12
BRDA:7,0,0,6
BRDA:8,1,0,6
BRDA:9,2,0,6
BRDA:10,3,0,6
BRDA:11,4,0,6
BRF:5
BRH:5
end_of_record
TN:
SF:src/infra/jwt-provider/mock.ts
FN:3,generateToken
FN:4,verifyToken
FNF:2
FNH:0
FNDA:0,generateToken
FNDA:0,verifyToken
DA:1,1
DA:2,1
DA:3,1
DA:4,1
DA:5,1
DA:6,1
DA:7,1
DA:8,1
DA:9,1
LF:9
LH:9
BRF:0
BRH:0
end_of_record
TN:
SF:src/infra/logger/mock.ts
FN:4,debug
FN:5,error
FN:6,info
FN:7,warn
FNF:4
FNH:3
FNDA:0,debug
FNDA:3,error
FNDA:9,info
FNDA:3,warn
DA:1,1
DA:2,1
DA:3,1
DA:4,1
DA:5,1
DA:6,1
DA:7,1
DA:8,1
LF:8
LH:8
BRDA:5,0,0,3
BRDA:6,1,0,9
BRDA:7,2,0,3
BRF:3
BRH:3
end_of_record
TN:
SF:src/infra/password-hasher/mock.ts
FN:3,hash
FN:4,compare
FNF:2
FNH:1
FNDA:1,hash
FNDA:0,compare
DA:1,1
DA:2,1
DA:3,1
DA:4,1
DA:5,0
DA:6,1
DA:7,1
DA:8,1
DA:9,1
DA:10,1
LF:10
LH:9
BRDA:3,0,0,1
BRF:1
BRH:1
end_of_record
